Epoch: [0][  1/782]	Time  2.153 ( 2.153)	Data  0.187 ( 0.187)	Loss 2.5136e+00 (2.5136e+00)	Weight Norm 39.911 (39.911)	Acc@1   9.38 (  9.38)	Acc@5  56.25 ( 56.25)
Epoch: [0][101/782]	Time  0.353 ( 0.359)	Data  0.002 ( 0.002)	Loss 1.7366e+00 (2.1060e+00)	Weight Norm 36.362 (36.357)	Acc@1  37.50 ( 22.14)	Acc@5  82.81 ( 75.74)
Epoch: [0][201/782]	Time  0.340 ( 0.350)	Data  0.001 ( 0.001)	Loss 1.6428e+00 (1.9408e+00)	Weight Norm 36.473 (36.388)	Acc@1  29.69 ( 27.97)	Acc@5  90.62 ( 81.56)
Epoch: [0][301/782]	Time  0.342 ( 0.348)	Data  0.001 ( 0.001)	Loss 1.4822e+00 (1.8336e+00)	Weight Norm 36.512 (36.420)	Acc@1  34.38 ( 31.60)	Acc@5  93.75 ( 84.60)
Epoch: [0][401/782]	Time  0.354 ( 0.347)	Data  0.001 ( 0.001)	Loss 1.6534e+00 (1.7682e+00)	Weight Norm 36.556 (36.464)	Acc@1  42.19 ( 34.39)	Acc@5  85.94 ( 86.35)
Epoch: [0][501/782]	Time  0.342 ( 0.347)	Data  0.001 ( 0.001)	Loss 1.4713e+00 (1.7070e+00)	Weight Norm 36.631 (36.489)	Acc@1  50.00 ( 37.11)	Acc@5  85.94 ( 87.62)
Epoch: [0][601/782]	Time  0.342 ( 0.347)	Data  0.002 ( 0.001)	Loss 1.7891e+00 (1.6486e+00)	Weight Norm 36.711 (36.515)	Acc@1  40.62 ( 39.58)	Acc@5  87.50 ( 88.48)
Epoch: [0][701/782]	Time  0.352 ( 0.346)	Data  0.001 ( 0.001)	Loss 1.2473e+00 (1.5932e+00)	Weight Norm 36.705 (36.540)	Acc@1  51.56 ( 41.90)	Acc@5  90.62 ( 89.34)
Test: [  1/157]	Time  0.252 ( 0.252)	Loss 1.1966e+00 (1.1966e+00)	Acc@1  54.69 ( 54.69)	Acc@5  93.75 ( 93.75)
Test: [101/157]	Time  0.006 ( 0.009)	Loss 1.2916e+00 (1.1528e+00)	Acc@1  59.38 ( 59.34)	Acc@5  95.31 ( 94.80)
 *   Acc@1 59.630 Acc@5 94.930
Epoch: [1][  1/782]	Time  0.578 ( 0.578)	Data  0.241 ( 0.241)	Loss 1.1383e+00 (1.1383e+00)	Weight Norm 36.725 (36.725)	Acc@1  59.38 ( 59.38)	Acc@5  93.75 ( 93.75)
Epoch: [1][101/782]	Time  0.349 ( 0.345)	Data  0.002 ( 0.003)	Loss 1.4139e+00 (1.1783e+00)	Weight Norm 36.812 (36.767)	Acc@1  48.44 ( 58.17)	Acc@5  98.44 ( 95.03)
Epoch: [1][201/782]	Time  0.340 ( 0.344)	Data  0.002 ( 0.002)	Loss 1.2953e+00 (1.1395e+00)	Weight Norm 36.882 (36.801)	Acc@1  56.25 ( 60.34)	Acc@5  98.44 ( 95.34)
Epoch: [1][301/782]	Time  0.352 ( 0.344)	Data  0.001 ( 0.001)	Loss 9.4403e-01 (1.1100e+00)	Weight Norm 36.864 (36.821)	Acc@1  70.31 ( 61.38)	Acc@5  92.19 ( 95.47)
Epoch: [1][401/782]	Time  0.341 ( 0.343)	Data  0.002 ( 0.001)	Loss 1.0730e+00 (1.0907e+00)	Weight Norm 36.907 (36.841)	Acc@1  64.06 ( 62.35)	Acc@5  98.44 ( 95.72)
Epoch: [1][501/782]	Time  0.343 ( 0.343)	Data  0.002 ( 0.001)	Loss 9.4160e-01 (1.0665e+00)	Weight Norm 36.937 (36.858)	Acc@1  64.06 ( 63.22)	Acc@5  98.44 ( 95.91)
Epoch: [1][601/782]	Time  0.342 ( 0.343)	Data  0.001 ( 0.001)	Loss 9.4459e-01 (1.0471e+00)	Weight Norm 36.960 (36.872)	Acc@1  65.62 ( 64.05)	Acc@5  98.44 ( 95.98)
Epoch: [1][701/782]	Time  0.342 ( 0.343)	Data  0.002 ( 0.001)	Loss 1.0982e+00 (1.0279e+00)	Weight Norm 37.036 (36.891)	Acc@1  62.50 ( 64.78)	Acc@5  93.75 ( 96.10)
Test: [  1/157]	Time  0.246 ( 0.246)	Loss 8.4081e-01 (8.4081e-01)	Acc@1  71.88 ( 71.88)	Acc@5  95.31 ( 95.31)
Test: [101/157]	Time  0.006 ( 0.008)	Loss 8.1978e-01 (8.6085e-01)	Acc@1  76.56 ( 70.78)	Acc@5 100.00 ( 96.64)
 *   Acc@1 71.000 Acc@5 96.680
Epoch: [2][  1/782]	Time  0.588 ( 0.588)	Data  0.249 ( 0.249)	Loss 5.8885e-01 (5.8885e-01)	Weight Norm 37.038 (37.038)	Acc@1  78.12 ( 78.12)	Acc@5  98.44 ( 98.44)
Epoch: [2][101/782]	Time  0.351 ( 0.344)	Data  0.002 ( 0.003)	Loss 8.5992e-01 (8.0093e-01)	Weight Norm 37.044 (37.050)	Acc@1  71.88 ( 72.82)	Acc@5  96.88 ( 97.56)
Epoch: [2][201/782]	Time  0.339 ( 0.343)	Data  0.001 ( 0.002)	Loss 6.5928e-01 (8.2008e-01)	Weight Norm 37.089 (37.065)	Acc@1  76.56 ( 72.19)	Acc@5  98.44 ( 97.33)
Epoch: [2][301/782]	Time  0.339 ( 0.343)	Data  0.001 ( 0.001)	Loss 5.0955e-01 (8.1281e-01)	Weight Norm 37.106 (37.076)	Acc@1  84.38 ( 72.74)	Acc@5 100.00 ( 97.31)
Epoch: [2][401/782]	Time  0.341 ( 0.343)	Data  0.002 ( 0.001)	Loss 8.2747e-01 (8.0298e-01)	Weight Norm 37.118 (37.083)	Acc@1  71.88 ( 72.98)	Acc@5 100.00 ( 97.44)
Epoch: [2][501/782]	Time  0.341 ( 0.343)	Data  0.002 ( 0.001)	Loss 8.5306e-01 (7.9480e-01)	Weight Norm 37.122 (37.093)	Acc@1  68.75 ( 73.24)	Acc@5  98.44 ( 97.47)
Epoch: [2][601/782]	Time  0.350 ( 0.343)	Data  0.001 ( 0.001)	Loss 8.1389e-01 (7.8804e-01)	Weight Norm 37.160 (37.099)	Acc@1  68.75 ( 73.55)	Acc@5 100.00 ( 97.48)
Epoch: [2][701/782]	Time  0.334 ( 0.343)	Data  0.001 ( 0.001)	Loss 7.5597e-01 (7.8117e-01)	Weight Norm 37.128 (37.105)	Acc@1  75.00 ( 73.83)	Acc@5 100.00 ( 97.54)
Test: [  1/157]	Time  0.243 ( 0.243)	Loss 7.8826e-01 (7.8826e-01)	Acc@1  75.00 ( 75.00)	Acc@5  98.44 ( 98.44)
Test: [101/157]	Time  0.006 ( 0.008)	Loss 8.5510e-01 (7.5845e-01)	Acc@1  73.44 ( 75.23)	Acc@5  98.44 ( 97.83)
 *   Acc@1 74.620 Acc@5 97.850
Epoch: [3][  1/782]	Time  0.574 ( 0.574)	Data  0.243 ( 0.243)	Loss 7.1397e-01 (7.1397e-01)	Weight Norm 37.123 (37.123)	Acc@1  76.56 ( 76.56)	Acc@5  98.44 ( 98.44)
Epoch: [3][101/782]	Time  0.338 ( 0.345)	Data  0.002 ( 0.003)	Loss 7.5367e-01 (6.6261e-01)	Weight Norm 37.147 (37.149)	Acc@1  73.44 ( 77.85)	Acc@5  98.44 ( 98.19)
Epoch: [3][201/782]	Time  0.337 ( 0.344)	Data  0.002 ( 0.002)	Loss 6.4329e-01 (6.5378e-01)	Weight Norm 37.174 (37.160)	Acc@1  79.69 ( 78.27)	Acc@5  98.44 ( 98.28)
Epoch: [3][301/782]	Time  0.338 ( 0.343)	Data  0.001 ( 0.001)	Loss 6.7667e-01 (6.5318e-01)	Weight Norm 37.178 (37.165)	Acc@1  75.00 ( 78.56)	Acc@5  98.44 ( 98.17)
Epoch: [3][401/782]	Time  0.349 ( 0.343)	Data  0.001 ( 0.001)	Loss 5.0857e-01 (6.4890e-01)	Weight Norm 37.211 (37.172)	Acc@1  84.38 ( 78.72)	Acc@5  95.31 ( 98.22)
Epoch: [3][501/782]	Time  0.335 ( 0.343)	Data  0.001 ( 0.001)	Loss 8.7401e-01 (6.4727e-01)	Weight Norm 37.239 (37.183)	Acc@1  71.88 ( 78.79)	Acc@5  98.44 ( 98.17)
Epoch: [3][601/782]	Time  0.344 ( 0.342)	Data  0.002 ( 0.001)	Loss 6.0264e-01 (6.4118e-01)	Weight Norm 37.265 (37.196)	Acc@1  73.44 ( 78.88)	Acc@5  96.88 ( 98.26)
Epoch: [3][701/782]	Time  0.341 ( 0.341)	Data  0.001 ( 0.001)	Loss 7.7688e-01 (6.3533e-01)	Weight Norm 37.276 (37.207)	Acc@1  78.12 ( 79.06)	Acc@5  96.88 ( 98.30)
Test: [  1/157]	Time  0.250 ( 0.250)	Loss 6.1124e-01 (6.1124e-01)	Acc@1  84.38 ( 84.38)	Acc@5  98.44 ( 98.44)
Test: [101/157]	Time  0.006 ( 0.008)	Loss 5.5293e-01 (6.6704e-01)	Acc@1  82.81 ( 77.43)	Acc@5 100.00 ( 98.14)
 *   Acc@1 77.600 Acc@5 98.220
Epoch: [4][  1/782]	Time  0.593 ( 0.593)	Data  0.253 ( 0.253)	Loss 5.8878e-01 (5.8878e-01)	Weight Norm 37.301 (37.301)	Acc@1  79.69 ( 79.69)	Acc@5  96.88 ( 96.88)
Epoch: [4][101/782]	Time  0.341 ( 0.346)	Data  0.002 ( 0.003)	Loss 9.0583e-01 (5.3288e-01)	Weight Norm 37.308 (37.304)	Acc@1  71.88 ( 82.67)	Acc@5  95.31 ( 98.90)
Epoch: [4][201/782]	Time  0.341 ( 0.345)	Data  0.001 ( 0.002)	Loss 6.6950e-01 (5.3813e-01)	Weight Norm 37.317 (37.309)	Acc@1  79.69 ( 82.34)	Acc@5 100.00 ( 98.76)
Epoch: [4][301/782]	Time  0.354 ( 0.344)	Data  0.001 ( 0.001)	Loss 4.6566e-01 (5.4153e-01)	Weight Norm 37.347 (37.314)	Acc@1  84.38 ( 82.07)	Acc@5 100.00 ( 98.71)
Epoch: [4][401/782]	Time  0.352 ( 0.344)	Data  0.002 ( 0.001)	Loss 5.3044e-01 (5.4234e-01)	Weight Norm 37.371 (37.325)	Acc@1  81.25 ( 82.08)	Acc@5 100.00 ( 98.71)
Epoch: [4][501/782]	Time  0.338 ( 0.344)	Data  0.002 ( 0.001)	Loss 6.2528e-01 (5.4296e-01)	Weight Norm 37.345 (37.332)	Acc@1  81.25 ( 82.10)	Acc@5  96.88 ( 98.73)
Epoch: [4][601/782]	Time  0.347 ( 0.344)	Data  0.001 ( 0.001)	Loss 5.9670e-01 (5.3769e-01)	Weight Norm 37.376 (37.338)	Acc@1  76.56 ( 82.35)	Acc@5 100.00 ( 98.75)
Epoch: [4][701/782]	Time  0.337 ( 0.343)	Data  0.002 ( 0.001)	Loss 6.4602e-01 (5.3630e-01)	Weight Norm 37.438 (37.347)	Acc@1  76.56 ( 82.42)	Acc@5  96.88 ( 98.76)
Test: [  1/157]	Time  0.243 ( 0.243)	Loss 6.3680e-01 (6.3680e-01)	Acc@1  82.81 ( 82.81)	Acc@5  98.44 ( 98.44)
Test: [101/157]	Time  0.006 ( 0.008)	Loss 5.2952e-01 (5.6726e-01)	Acc@1  79.69 ( 81.16)	Acc@5 100.00 ( 98.64)
 *   Acc@1 81.000 Acc@5 98.650
Epoch: [5][  1/782]	Time  0.574 ( 0.574)	Data  0.238 ( 0.238)	Loss 3.6259e-01 (3.6259e-01)	Weight Norm 37.472 (37.472)	Acc@1  92.19 ( 92.19)	Acc@5  98.44 ( 98.44)
Epoch: [5][101/782]	Time  0.336 ( 0.341)	Data  0.002 ( 0.003)	Loss 7.9430e-01 (4.7265e-01)	Weight Norm 37.455 (37.463)	Acc@1  70.31 ( 84.41)	Acc@5  98.44 ( 99.10)
Epoch: [5][201/782]	Time  0.337 ( 0.341)	Data  0.001 ( 0.001)	Loss 2.9330e-01 (4.7307e-01)	Weight Norm 37.473 (37.460)	Acc@1  90.62 ( 84.54)	Acc@5 100.00 ( 98.99)
Epoch: [5][301/782]	Time  0.337 ( 0.341)	Data  0.001 ( 0.001)	Loss 3.0446e-01 (4.6214e-01)	Weight Norm 37.503 (37.466)	Acc@1  90.62 ( 84.80)	Acc@5 100.00 ( 99.00)
Epoch: [5][401/782]	Time  0.337 ( 0.340)	Data  0.002 ( 0.001)	Loss 4.7383e-01 (4.6143e-01)	Weight Norm 37.508 (37.478)	Acc@1  79.69 ( 84.77)	Acc@5 100.00 ( 99.03)
Epoch: [5][501/782]	Time  0.337 ( 0.340)	Data  0.002 ( 0.001)	Loss 7.9438e-01 (4.6061e-01)	Weight Norm 37.513 (37.486)	Acc@1  68.75 ( 84.84)	Acc@5  98.44 ( 99.09)
Epoch: [5][601/782]	Time  0.338 ( 0.340)	Data  0.002 ( 0.001)	Loss 4.7944e-01 (4.6236e-01)	Weight Norm 37.519 (37.491)	Acc@1  84.38 ( 84.79)	Acc@5 100.00 ( 99.10)
Epoch: [5][701/782]	Time  0.338 ( 0.340)	Data  0.001 ( 0.001)	Loss 3.2726e-01 (4.6252e-01)	Weight Norm 37.556 (37.498)	Acc@1  85.94 ( 84.75)	Acc@5  98.44 ( 99.12)
Test: [  1/157]	Time  0.249 ( 0.249)	Loss 5.8729e-01 (5.8729e-01)	Acc@1  81.25 ( 81.25)	Acc@5  98.44 ( 98.44)
Test: [101/157]	Time  0.006 ( 0.008)	Loss 4.8635e-01 (5.5424e-01)	Acc@1  84.38 ( 81.33)	Acc@5 100.00 ( 98.81)
 *   Acc@1 81.200 Acc@5 98.780
Epoch: [6][  1/782]	Time  0.584 ( 0.584)	Data  0.249 ( 0.249)	Loss 4.5268e-01 (4.5268e-01)	Weight Norm 37.567 (37.567)	Acc@1  82.81 ( 82.81)	Acc@5  98.44 ( 98.44)
Epoch: [6][101/782]	Time  0.337 ( 0.342)	Data  0.002 ( 0.003)	Loss 3.6253e-01 (3.8965e-01)	Weight Norm 37.564 (37.563)	Acc@1  89.06 ( 87.44)	Acc@5 100.00 ( 99.30)
Epoch: [6][201/782]	Time  0.348 ( 0.341)	Data  0.002 ( 0.002)	Loss 4.0298e-01 (3.8215e-01)	Weight Norm 37.573 (37.568)	Acc@1  90.62 ( 87.66)	Acc@5 100.00 ( 99.39)
Epoch: [6][301/782]	Time  0.336 ( 0.341)	Data  0.001 ( 0.001)	Loss 3.4570e-01 (3.8805e-01)	Weight Norm 37.551 (37.568)	Acc@1  89.06 ( 87.30)	Acc@5  98.44 ( 99.29)
Epoch: [6][401/782]	Time  0.336 ( 0.341)	Data  0.002 ( 0.001)	Loss 3.7866e-01 (3.9190e-01)	Weight Norm 37.558 (37.563)	Acc@1  84.38 ( 87.08)	Acc@5 100.00 ( 99.31)
Epoch: [6][501/782]	Time  0.347 ( 0.341)	Data  0.001 ( 0.001)	Loss 4.4946e-01 (3.9493e-01)	Weight Norm 37.561 (37.561)	Acc@1  81.25 ( 86.99)	Acc@5 100.00 ( 99.31)
Epoch: [6][601/782]	Time  0.349 ( 0.341)	Data  0.002 ( 0.001)	Loss 3.5302e-01 (3.9982e-01)	Weight Norm 37.586 (37.564)	Acc@1  85.94 ( 86.80)	Acc@5  98.44 ( 99.27)
Epoch: [6][701/782]	Time  0.339 ( 0.341)	Data  0.001 ( 0.001)	Loss 4.0784e-01 (4.0394e-01)	Weight Norm 37.590 (37.568)	Acc@1  84.38 ( 86.70)	Acc@5 100.00 ( 99.26)
Test: [  1/157]	Time  0.251 ( 0.251)	Loss 5.7160e-01 (5.7160e-01)	Acc@1  84.38 ( 84.38)	Acc@5  96.88 ( 96.88)
Test: [101/157]	Time  0.006 ( 0.008)	Loss 4.8839e-01 (5.3271e-01)	Acc@1  84.38 ( 82.39)	Acc@5 100.00 ( 99.01)
 *   Acc@1 82.240 Acc@5 99.100
Epoch: [7][  1/782]	Time  0.583 ( 0.583)	Data  0.251 ( 0.251)	Loss 4.2204e-01 (4.2204e-01)	Weight Norm 37.572 (37.572)	Acc@1  82.81 ( 82.81)	Acc@5  98.44 ( 98.44)
Epoch: [7][101/782]	Time  0.340 ( 0.343)	Data  0.002 ( 0.003)	Loss 4.0014e-01 (3.4048e-01)	Weight Norm 37.581 (37.569)	Acc@1  85.94 ( 88.71)	Acc@5  98.44 ( 99.50)
Epoch: [7][201/782]	Time  0.340 ( 0.343)	Data  0.002 ( 0.002)	Loss 4.0862e-01 (3.4369e-01)	Weight Norm 37.634 (37.588)	Acc@1  92.19 ( 88.62)	Acc@5  98.44 ( 99.50)
Epoch: [7][301/782]	Time  0.336 ( 0.341)	Data  0.002 ( 0.001)	Loss 2.2583e-01 (3.5115e-01)	Weight Norm 37.652 (37.607)	Acc@1  93.75 ( 88.39)	Acc@5 100.00 ( 99.44)
Epoch: [7][401/782]	Time  0.337 ( 0.341)	Data  0.002 ( 0.001)	Loss 2.5108e-01 (3.5014e-01)	Weight Norm 37.662 (37.618)	Acc@1  85.94 ( 88.42)	Acc@5 100.00 ( 99.46)
Epoch: [7][501/782]	Time  0.337 ( 0.341)	Data  0.001 ( 0.001)	Loss 2.2440e-01 (3.5035e-01)	Weight Norm 37.660 (37.627)	Acc@1  93.75 ( 88.50)	Acc@5 100.00 ( 99.42)
Epoch: [7][601/782]	Time  0.335 ( 0.340)	Data  0.001 ( 0.001)	Loss 4.6944e-01 (3.5168e-01)	Weight Norm 37.632 (37.631)	Acc@1  82.81 ( 88.47)	Acc@5  98.44 ( 99.43)
Epoch: [7][701/782]	Time  0.338 ( 0.340)	Data  0.001 ( 0.001)	Loss 3.9483e-01 (3.5187e-01)	Weight Norm 37.610 (37.632)	Acc@1  90.62 ( 88.52)	Acc@5  98.44 ( 99.43)
Test: [  1/157]	Time  0.248 ( 0.248)	Loss 5.3171e-01 (5.3171e-01)	Acc@1  82.81 ( 82.81)	Acc@5  98.44 ( 98.44)
Test: [101/157]	Time  0.006 ( 0.008)	Loss 3.8876e-01 (5.2623e-01)	Acc@1  84.38 ( 83.21)	Acc@5 100.00 ( 98.78)
 *   Acc@1 83.090 Acc@5 98.760
Epoch: [8][  1/782]	Time  0.592 ( 0.592)	Data  0.251 ( 0.251)	Loss 2.8028e-01 (2.8028e-01)	Weight Norm 37.644 (37.644)	Acc@1  93.75 ( 93.75)	Acc@5  98.44 ( 98.44)
Epoch: [8][101/782]	Time  0.353 ( 0.344)	Data  0.002 ( 0.003)	Loss 3.8081e-01 (3.1956e-01)	Weight Norm 37.659 (37.646)	Acc@1  85.94 ( 89.71)	Acc@5 100.00 ( 99.47)
Epoch: [8][201/782]	Time  0.338 ( 0.343)	Data  0.002 ( 0.002)	Loss 1.7639e-01 (3.0989e-01)	Weight Norm 37.663 (37.651)	Acc@1  92.19 ( 89.94)	Acc@5 100.00 ( 99.53)
Epoch: [8][301/782]	Time  0.341 ( 0.343)	Data  0.001 ( 0.001)	Loss 3.3256e-01 (3.0727e-01)	Weight Norm 37.670 (37.657)	Acc@1  92.19 ( 89.99)	Acc@5 100.00 ( 99.50)
Epoch: [8][401/782]	Time  0.339 ( 0.343)	Data  0.002 ( 0.001)	Loss 2.0648e-01 (3.0843e-01)	Weight Norm 37.691 (37.663)	Acc@1  95.31 ( 89.88)	Acc@5  98.44 ( 99.52)
Epoch: [8][501/782]	Time  0.340 ( 0.343)	Data  0.002 ( 0.001)	Loss 3.2510e-01 (3.0977e-01)	Weight Norm 37.672 (37.669)	Acc@1  90.62 ( 89.80)	Acc@5  98.44 ( 99.54)
Epoch: [8][601/782]	Time  0.353 ( 0.343)	Data  0.002 ( 0.001)	Loss 4.2958e-01 (3.1138e-01)	Weight Norm 37.708 (37.672)	Acc@1  87.50 ( 89.75)	Acc@5 100.00 ( 99.55)
Epoch: [8][701/782]	Time  0.347 ( 0.343)	Data  0.002 ( 0.001)	Loss 2.0298e-01 (3.1237e-01)	Weight Norm 37.681 (37.674)	Acc@1  93.75 ( 89.74)	Acc@5 100.00 ( 99.54)
Test: [  1/157]	Time  0.242 ( 0.242)	Loss 5.1248e-01 (5.1248e-01)	Acc@1  84.38 ( 84.38)	Acc@5  98.44 ( 98.44)
Test: [101/157]	Time  0.006 ( 0.008)	Loss 4.7550e-01 (4.6875e-01)	Acc@1  85.94 ( 84.98)	Acc@5 100.00 ( 99.13)
 *   Acc@1 84.580 Acc@5 99.190
Epoch: [9][  1/782]	Time  0.594 ( 0.594)	Data  0.250 ( 0.250)	Loss 2.5489e-01 (2.5489e-01)	Weight Norm 37.666 (37.666)	Acc@1  92.19 ( 92.19)	Acc@5 100.00 (100.00)
Epoch: [9][101/782]	Time  0.338 ( 0.344)	Data  0.002 ( 0.003)	Loss 1.8339e-01 (2.5552e-01)	Weight Norm 37.665 (37.669)	Acc@1  90.62 ( 91.65)	Acc@5 100.00 ( 99.68)
Epoch: [9][201/782]	Time  0.352 ( 0.343)	Data  0.002 ( 0.002)	Loss 2.5100e-01 (2.5961e-01)	Weight Norm 37.688 (37.665)	Acc@1  87.50 ( 91.46)	Acc@5 100.00 ( 99.63)
Epoch: [9][301/782]	Time  0.340 ( 0.343)	Data  0.002 ( 0.001)	Loss 2.8354e-01 (2.6052e-01)	Weight Norm 37.709 (37.678)	Acc@1  92.19 ( 91.40)	Acc@5 100.00 ( 99.62)
Epoch: [9][401/782]	Time  0.345 ( 0.341)	Data  0.002 ( 0.001)	Loss 1.8689e-01 (2.6402e-01)	Weight Norm 37.716 (37.684)	Acc@1  96.88 ( 91.45)	Acc@5 100.00 ( 99.61)
Epoch: [9][501/782]	Time  0.346 ( 0.341)	Data  0.002 ( 0.001)	Loss 1.5835e-01 (2.6491e-01)	Weight Norm 37.736 (37.693)	Acc@1  95.31 ( 91.38)	Acc@5  98.44 ( 99.61)
Epoch: [9][601/782]	Time  0.335 ( 0.341)	Data  0.001 ( 0.001)	Loss 1.7428e-01 (2.6761e-01)	Weight Norm 37.732 (37.699)	Acc@1  96.88 ( 91.26)	Acc@5 100.00 ( 99.63)
Epoch: [9][701/782]	Time  0.336 ( 0.341)	Data  0.001 ( 0.001)	Loss 3.6032e-01 (2.7141e-01)	Weight Norm 37.727 (37.702)	Acc@1  90.62 ( 91.14)	Acc@5 100.00 ( 99.62)
Test: [  1/157]	Time  0.248 ( 0.248)	Loss 3.5764e-01 (3.5764e-01)	Acc@1  89.06 ( 89.06)	Acc@5  98.44 ( 98.44)
Test: [101/157]	Time  0.006 ( 0.008)	Loss 4.8141e-01 (4.5636e-01)	Acc@1  85.94 ( 85.55)	Acc@5 100.00 ( 99.20)
 *   Acc@1 85.460 Acc@5 99.260
Epoch: [10][  1/782]	Time  0.587 ( 0.587)	Data  0.252 ( 0.252)	Loss 1.7993e-01 (1.7993e-01)	Weight Norm 37.743 (37.743)	Acc@1  93.75 ( 93.75)	Acc@5 100.00 (100.00)
Epoch: [10][101/782]	Time  0.339 ( 0.343)	Data  0.002 ( 0.003)	Loss 2.8203e-01 (2.0929e-01)	Weight Norm 37.755 (37.760)	Acc@1  93.75 ( 93.15)	Acc@5 100.00 ( 99.77)
Epoch: [10][201/782]	Time  0.335 ( 0.341)	Data  0.001 ( 0.002)	Loss 2.6063e-01 (2.2213e-01)	Weight Norm 37.737 (37.752)	Acc@1  87.50 ( 92.70)	Acc@5 100.00 ( 99.72)
Epoch: [10][301/782]	Time  0.340 ( 0.342)	Data  0.002 ( 0.001)	Loss 1.8951e-01 (2.2455e-01)	Weight Norm 37.742 (37.746)	Acc@1  93.75 ( 92.74)	Acc@5 100.00 ( 99.74)
Epoch: [10][401/782]	Time  0.339 ( 0.342)	Data  0.002 ( 0.001)	Loss 3.2127e-01 (2.2959e-01)	Weight Norm 37.744 (37.746)	Acc@1  90.62 ( 92.42)	Acc@5  98.44 ( 99.73)
Epoch: [10][501/782]	Time  0.342 ( 0.343)	Data  0.001 ( 0.001)	Loss 2.4460e-01 (2.3334e-01)	Weight Norm 37.757 (37.747)	Acc@1  89.06 ( 92.32)	Acc@5 100.00 ( 99.74)
Epoch: [10][601/782]	Time  0.341 ( 0.343)	Data  0.001 ( 0.001)	Loss 3.5188e-01 (2.3923e-01)	Weight Norm 37.764 (37.750)	Acc@1  84.38 ( 92.18)	Acc@5 100.00 ( 99.73)
Epoch: [10][701/782]	Time  0.334 ( 0.342)	Data  0.002 ( 0.001)	Loss 1.5079e-01 (2.4220e-01)	Weight Norm 37.758 (37.751)	Acc@1  95.31 ( 92.06)	Acc@5 100.00 ( 99.72)
Test: [  1/157]	Time  0.255 ( 0.255)	Loss 4.1352e-01 (4.1352e-01)	Acc@1  89.06 ( 89.06)	Acc@5 100.00 (100.00)
Test: [101/157]	Time  0.006 ( 0.009)	Loss 6.2110e-01 (5.4105e-01)	Acc@1  79.69 ( 83.65)	Acc@5 100.00 ( 99.12)
 *   Acc@1 83.600 Acc@5 99.100
Epoch: [11][  1/782]	Time  0.583 ( 0.583)	Data  0.245 ( 0.245)	Loss 2.2446e-01 (2.2446e-01)	Weight Norm 37.769 (37.769)	Acc@1  90.62 ( 90.62)	Acc@5 100.00 (100.00)
Epoch: [11][101/782]	Time  0.354 ( 0.344)	Data  0.002 ( 0.003)	Loss 3.7844e-01 (1.9711e-01)	Weight Norm 37.810 (37.785)	Acc@1  89.06 ( 94.00)	Acc@5 100.00 ( 99.78)
Epoch: [11][201/782]	Time  0.337 ( 0.343)	Data  0.001 ( 0.001)	Loss 1.5087e-01 (2.0385e-01)	Weight Norm 37.793 (37.790)	Acc@1  93.75 ( 93.51)	Acc@5 100.00 ( 99.78)
Epoch: [11][301/782]	Time  0.340 ( 0.342)	Data  0.001 ( 0.001)	Loss 2.8597e-01 (2.0357e-01)	Weight Norm 37.754 (37.788)	Acc@1  95.31 ( 93.40)	Acc@5 100.00 ( 99.79)
Epoch: [11][401/782]	Time  0.345 ( 0.342)	Data  0.001 ( 0.001)	Loss 1.8700e-01 (2.0941e-01)	Weight Norm 37.736 (37.779)	Acc@1  93.75 ( 93.16)	Acc@5  98.44 ( 99.78)
Epoch: [11][501/782]	Time  0.341 ( 0.342)	Data  0.001 ( 0.001)	Loss 2.4001e-01 (2.1682e-01)	Weight Norm 37.762 (37.774)	Acc@1  93.75 ( 92.89)	Acc@5 100.00 ( 99.77)
Epoch: [11][601/782]	Time  0.341 ( 0.342)	Data  0.002 ( 0.001)	Loss 2.4469e-01 (2.1875e-01)	Weight Norm 37.765 (37.771)	Acc@1  90.62 ( 92.84)	Acc@5 100.00 ( 99.75)
Epoch: [11][701/782]	Time  0.334 ( 0.342)	Data  0.002 ( 0.001)	Loss 3.7878e-01 (2.1855e-01)	Weight Norm 37.748 (37.770)	Acc@1  87.50 ( 92.83)	Acc@5  96.88 ( 99.75)
Test: [  1/157]	Time  0.251 ( 0.251)	Loss 4.5777e-01 (4.5777e-01)	Acc@1  84.38 ( 84.38)	Acc@5  98.44 ( 98.44)
Test: [101/157]	Time  0.006 ( 0.008)	Loss 4.6618e-01 (5.3148e-01)	Acc@1  82.81 ( 83.46)	Acc@5 100.00 ( 99.10)
 *   Acc@1 83.470 Acc@5 99.070
Epoch: [12][  1/782]	Time  0.580 ( 0.580)	Data  0.248 ( 0.248)	Loss 7.1620e-02 (7.1620e-02)	Weight Norm 37.770 (37.770)	Acc@1  98.44 ( 98.44)	Acc@5 100.00 (100.00)
Epoch: [12][101/782]	Time  0.340 ( 0.344)	Data  0.002 ( 0.003)	Loss 1.2651e-01 (1.8444e-01)	Weight Norm 37.783 (37.775)	Acc@1  95.31 ( 94.12)	Acc@5 100.00 ( 99.88)
Epoch: [12][201/782]	Time  0.338 ( 0.343)	Data  0.001 ( 0.002)	Loss 3.2218e-01 (1.9195e-01)	Weight Norm 37.790 (37.774)	Acc@1  89.06 ( 93.68)	Acc@5 100.00 ( 99.86)
Epoch: [12][301/782]	Time  0.341 ( 0.342)	Data  0.001 ( 0.001)	Loss 2.7858e-01 (1.9132e-01)	Weight Norm 37.810 (37.779)	Acc@1  92.19 ( 93.70)	Acc@5 100.00 ( 99.85)
Epoch: [12][401/782]	Time  0.342 ( 0.342)	Data  0.002 ( 0.001)	Loss 2.5034e-01 (1.9343e-01)	Weight Norm 37.786 (37.784)	Acc@1  87.50 ( 93.59)	Acc@5 100.00 ( 99.85)
Epoch: [12][501/782]	Time  0.342 ( 0.342)	Data  0.001 ( 0.001)	Loss 1.1953e-01 (1.9330e-01)	Weight Norm 37.787 (37.787)	Acc@1  95.31 ( 93.64)	Acc@5 100.00 ( 99.85)
Epoch: [12][601/782]	Time  0.342 ( 0.343)	Data  0.001 ( 0.001)	Loss 1.8317e-01 (1.9486e-01)	Weight Norm 37.780 (37.787)	Acc@1  92.19 ( 93.56)	Acc@5 100.00 ( 99.84)
Epoch: [12][701/782]	Time  0.343 ( 0.343)	Data  0.001 ( 0.001)	Loss 2.2412e-01 (1.9704e-01)	Weight Norm 37.816 (37.788)	Acc@1  92.19 ( 93.43)	Acc@5 100.00 ( 99.82)
Test: [  1/157]	Time  0.260 ( 0.260)	Loss 4.7744e-01 (4.7744e-01)	Acc@1  87.50 ( 87.50)	Acc@5  98.44 ( 98.44)
Test: [101/157]	Time  0.006 ( 0.009)	Loss 4.7777e-01 (4.6609e-01)	Acc@1  78.12 ( 85.89)	Acc@5 100.00 ( 99.09)
 *   Acc@1 85.940 Acc@5 99.200
Epoch: [13][  1/782]	Time  0.575 ( 0.575)	Data  0.242 ( 0.242)	Loss 2.2587e-01 (2.2587e-01)	Weight Norm 37.804 (37.804)	Acc@1  93.75 ( 93.75)	Acc@5 100.00 (100.00)
Epoch: [13][101/782]	Time  0.339 ( 0.344)	Data  0.002 ( 0.003)	Loss 1.3903e-01 (1.4901e-01)	Weight Norm 37.778 (37.794)	Acc@1  95.31 ( 95.17)	Acc@5 100.00 ( 99.89)
Epoch: [13][201/782]	Time  0.338 ( 0.343)	Data  0.001 ( 0.001)	Loss 6.0617e-02 (1.6314e-01)	Weight Norm 37.810 (37.792)	Acc@1 100.00 ( 94.77)	Acc@5 100.00 ( 99.87)
Epoch: [13][301/782]	Time  0.341 ( 0.343)	Data  0.002 ( 0.001)	Loss 3.3939e-01 (1.7296e-01)	Weight Norm 37.855 (37.803)	Acc@1  90.62 ( 94.50)	Acc@5  98.44 ( 99.82)
Epoch: [13][401/782]	Time  0.338 ( 0.343)	Data  0.002 ( 0.001)	Loss 2.3857e-01 (1.7408e-01)	Weight Norm 37.835 (37.811)	Acc@1  89.06 ( 94.42)	Acc@5  98.44 ( 99.81)
Epoch: [13][501/782]	Time  0.340 ( 0.343)	Data  0.001 ( 0.001)	Loss 1.1643e-01 (1.7484e-01)	Weight Norm 37.820 (37.812)	Acc@1  95.31 ( 94.32)	Acc@5 100.00 ( 99.82)
Epoch: [13][601/782]	Time  0.340 ( 0.343)	Data  0.002 ( 0.001)	Loss 1.6835e-01 (1.7677e-01)	Weight Norm 37.799 (37.810)	Acc@1  93.75 ( 94.28)	Acc@5 100.00 ( 99.82)
Epoch: [13][701/782]	Time  0.341 ( 0.343)	Data  0.001 ( 0.001)	Loss 1.2866e-01 (1.7781e-01)	Weight Norm 37.760 (37.807)	Acc@1  95.31 ( 94.27)	Acc@5 100.00 ( 99.82)
Test: [  1/157]	Time  0.247 ( 0.247)	Loss 4.6836e-01 (4.6836e-01)	Acc@1  89.06 ( 89.06)	Acc@5 100.00 (100.00)
Test: [101/157]	Time  0.006 ( 0.009)	Loss 5.2756e-01 (4.8772e-01)	Acc@1  82.81 ( 85.50)	Acc@5 100.00 ( 99.24)
 *   Acc@1 85.610 Acc@5 99.250
Epoch: [14][  1/782]	Time  0.581 ( 0.581)	Data  0.244 ( 0.244)	Loss 1.4775e-01 (1.4775e-01)	Weight Norm 37.780 (37.780)	Acc@1  95.31 ( 95.31)	Acc@5 100.00 (100.00)
Epoch: [14][101/782]	Time  0.339 ( 0.347)	Data  0.002 ( 0.003)	Loss 1.6856e-01 (1.3739e-01)	Weight Norm 37.779 (37.786)	Acc@1  93.75 ( 95.25)	Acc@5  98.44 ( 99.86)
Epoch: [14][201/782]	Time  0.355 ( 0.345)	Data  0.002 ( 0.002)	Loss 6.2178e-02 (1.3848e-01)	Weight Norm 37.767 (37.784)	Acc@1  96.88 ( 95.39)	Acc@5 100.00 ( 99.86)
Epoch: [14][301/782]	Time  0.343 ( 0.345)	Data  0.002 ( 0.001)	Loss 5.0560e-02 (1.3761e-01)	Weight Norm 37.800 (37.787)	Acc@1 100.00 ( 95.40)	Acc@5 100.00 ( 99.85)
Epoch: [14][401/782]	Time  0.356 ( 0.346)	Data  0.002 ( 0.001)	Loss 7.1774e-02 (1.4039e-01)	Weight Norm 37.796 (37.786)	Acc@1  98.44 ( 95.31)	Acc@5 100.00 ( 99.85)
Epoch: [14][501/782]	Time  0.338 ( 0.345)	Data  0.002 ( 0.001)	Loss 2.1226e-01 (1.4624e-01)	Weight Norm 37.792 (37.785)	Acc@1  92.19 ( 95.14)	Acc@5 100.00 ( 99.85)
Epoch: [14][601/782]	Time  0.342 ( 0.345)	Data  0.002 ( 0.001)	Loss 2.9063e-01 (1.5129e-01)	Weight Norm 37.788 (37.784)	Acc@1  90.62 ( 95.00)	Acc@5 100.00 ( 99.85)
Epoch: [14][701/782]	Time  0.342 ( 0.344)	Data  0.002 ( 0.001)	Loss 3.3164e-01 (1.5196e-01)	Weight Norm 37.769 (37.783)	Acc@1  85.94 ( 94.98)	Acc@5 100.00 ( 99.85)
Test: [  1/157]	Time  0.247 ( 0.247)	Loss 7.2391e-01 (7.2391e-01)	Acc@1  79.69 ( 79.69)	Acc@5  98.44 ( 98.44)
Test: [101/157]	Time  0.006 ( 0.008)	Loss 6.0014e-01 (5.1540e-01)	Acc@1  82.81 ( 85.06)	Acc@5 100.00 ( 99.04)
 *   Acc@1 84.680 Acc@5 98.940
Epoch: [15][  1/782]	Time  0.582 ( 0.582)	Data  0.247 ( 0.247)	Loss 1.3125e-01 (1.3125e-01)	Weight Norm 37.732 (37.732)	Acc@1  95.31 ( 95.31)	Acc@5 100.00 (100.00)
Epoch: [15][101/782]	Time  0.340 ( 0.347)	Data  0.002 ( 0.003)	Loss 1.4037e-01 (1.2745e-01)	Weight Norm 37.754 (37.744)	Acc@1  95.31 ( 95.79)	Acc@5  98.44 ( 99.83)
Epoch: [15][201/782]	Time  0.352 ( 0.346)	Data  0.002 ( 0.002)	Loss 2.6653e-01 (1.3106e-01)	Weight Norm 37.746 (37.749)	Acc@1  92.19 ( 95.65)	Acc@5 100.00 ( 99.87)
Epoch: [15][301/782]	Time  0.340 ( 0.346)	Data  0.002 ( 0.001)	Loss 1.5608e-01 (1.3347e-01)	Weight Norm 37.708 (37.744)	Acc@1  96.88 ( 95.61)	Acc@5 100.00 ( 99.85)
Epoch: [15][401/782]	Time  0.340 ( 0.346)	Data  0.002 ( 0.001)	Loss 1.3414e-01 (1.3348e-01)	Weight Norm 37.759 (37.739)	Acc@1  96.88 ( 95.61)	Acc@5 100.00 ( 99.87)
Epoch: [15][501/782]	Time  0.342 ( 0.345)	Data  0.001 ( 0.001)	Loss 1.1163e-01 (1.3675e-01)	Weight Norm 37.754 (37.742)	Acc@1  93.75 ( 95.48)	Acc@5 100.00 ( 99.87)
Epoch: [15][601/782]	Time  0.355 ( 0.345)	Data  0.001 ( 0.001)	Loss 1.5257e-01 (1.3744e-01)	Weight Norm 37.731 (37.742)	Acc@1  96.88 ( 95.46)	Acc@5 100.00 ( 99.87)
Epoch: [15][701/782]	Time  0.342 ( 0.345)	Data  0.001 ( 0.001)	Loss 8.5763e-02 (1.3756e-01)	Weight Norm 37.721 (37.742)	Acc@1  98.44 ( 95.42)	Acc@5 100.00 ( 99.88)
Test: [  1/157]	Time  0.254 ( 0.254)	Loss 5.6338e-01 (5.6338e-01)	Acc@1  84.38 ( 84.38)	Acc@5 100.00 (100.00)
Test: [101/157]	Time  0.006 ( 0.009)	Loss 4.7326e-01 (5.0269e-01)	Acc@1  87.50 ( 85.91)	Acc@5 100.00 ( 99.24)
 *   Acc@1 86.100 Acc@5 99.250
Epoch: [16][  1/782]	Time  0.588 ( 0.588)	Data  0.250 ( 0.250)	Loss 1.2833e-01 (1.2833e-01)	Weight Norm 37.717 (37.717)	Acc@1  96.88 ( 96.88)	Acc@5 100.00 (100.00)
Epoch: [16][101/782]	Time  0.340 ( 0.346)	Data  0.002 ( 0.003)	Loss 1.0546e-01 (1.1584e-01)	Weight Norm 37.751 (37.745)	Acc@1  93.75 ( 96.12)	Acc@5 100.00 ( 99.94)
Epoch: [16][201/782]	Time  0.339 ( 0.345)	Data  0.001 ( 0.002)	Loss 1.0675e-01 (1.2143e-01)	Weight Norm 37.763 (37.748)	Acc@1  96.88 ( 96.09)	Acc@5 100.00 ( 99.91)
Epoch: [16][301/782]	Time  0.353 ( 0.345)	Data  0.002 ( 0.001)	Loss 1.3891e-01 (1.2171e-01)	Weight Norm 37.744 (37.754)	Acc@1  95.31 ( 96.08)	Acc@5 100.00 ( 99.90)
Epoch: [16][401/782]	Time  0.341 ( 0.345)	Data  0.002 ( 0.001)	Loss 8.6207e-02 (1.2299e-01)	Weight Norm 37.748 (37.753)	Acc@1  96.88 ( 95.98)	Acc@5 100.00 ( 99.90)
Epoch: [16][501/782]	Time  0.340 ( 0.345)	Data  0.001 ( 0.001)	Loss 7.1981e-02 (1.2737e-01)	Weight Norm 37.732 (37.752)	Acc@1  98.44 ( 95.78)	Acc@5 100.00 ( 99.91)
Epoch: [16][601/782]	Time  0.342 ( 0.345)	Data  0.002 ( 0.001)	Loss 1.2390e-01 (1.2811e-01)	Weight Norm 37.764 (37.755)	Acc@1  95.31 ( 95.78)	Acc@5 100.00 ( 99.91)
Epoch: [16][701/782]	Time  0.342 ( 0.344)	Data  0.002 ( 0.001)	Loss 1.5695e-01 (1.3053e-01)	Weight Norm 37.754 (37.757)	Acc@1  90.62 ( 95.69)	Acc@5 100.00 ( 99.90)
Test: [  1/157]	Time  0.243 ( 0.243)	Loss 5.0179e-01 (5.0179e-01)	Acc@1  87.50 ( 87.50)	Acc@5 100.00 (100.00)
Test: [101/157]	Time  0.007 ( 0.009)	Loss 5.7868e-01 (5.1188e-01)	Acc@1  82.81 ( 85.84)	Acc@5 100.00 ( 99.18)
 *   Acc@1 85.850 Acc@5 99.240
Epoch: [17][  1/782]	Time  0.655 ( 0.655)	Data  0.273 ( 0.273)	Loss 1.1513e-01 (1.1513e-01)	Weight Norm 37.794 (37.794)	Acc@1  98.44 ( 98.44)	Acc@5 100.00 (100.00)
Epoch: [17][101/782]	Time  0.346 ( 0.348)	Data  0.002 ( 0.003)	Loss 7.8650e-02 (1.1215e-01)	Weight Norm 37.808 (37.809)	Acc@1  96.88 ( 96.55)	Acc@5 100.00 ( 99.97)
Epoch: [17][201/782]	Time  0.340 ( 0.346)	Data  0.001 ( 0.002)	Loss 3.0971e-02 (1.0549e-01)	Weight Norm 37.782 (37.800)	Acc@1 100.00 ( 96.68)	Acc@5 100.00 ( 99.96)
Epoch: [17][301/782]	Time  0.341 ( 0.346)	Data  0.001 ( 0.001)	Loss 1.3525e-01 (1.0803e-01)	Weight Norm 37.783 (37.796)	Acc@1  93.75 ( 96.60)	Acc@5 100.00 ( 99.94)
Epoch: [17][401/782]	Time  0.340 ( 0.346)	Data  0.002 ( 0.001)	Loss 8.3755e-02 (1.1271e-01)	Weight Norm 37.795 (37.795)	Acc@1  96.88 ( 96.41)	Acc@5 100.00 ( 99.93)
Epoch: [17][501/782]	Time  0.340 ( 0.345)	Data  0.001 ( 0.001)	Loss 2.6302e-02 (1.1514e-01)	Weight Norm 37.794 (37.797)	Acc@1 100.00 ( 96.33)	Acc@5 100.00 ( 99.92)
Epoch: [17][601/782]	Time  0.340 ( 0.345)	Data  0.001 ( 0.001)	Loss 9.1585e-02 (1.1884e-01)	Weight Norm 37.777 (37.795)	Acc@1  95.31 ( 96.21)	Acc@5 100.00 ( 99.92)
Epoch: [17][701/782]	Time  0.341 ( 0.345)	Data  0.001 ( 0.001)	Loss 6.7669e-02 (1.1788e-01)	Weight Norm 37.788 (37.795)	Acc@1  96.88 ( 96.21)	Acc@5 100.00 ( 99.93)
Test: [  1/157]	Time  0.252 ( 0.252)	Loss 4.7389e-01 (4.7389e-01)	Acc@1  89.06 ( 89.06)	Acc@5  98.44 ( 98.44)
Test: [101/157]	Time  0.006 ( 0.009)	Loss 6.4339e-01 (5.3173e-01)	Acc@1  84.38 ( 85.67)	Acc@5 100.00 ( 99.35)
 *   Acc@1 85.790 Acc@5 99.290
Epoch: [18][  1/782]	Time  0.581 ( 0.581)	Data  0.245 ( 0.245)	Loss 1.4780e-01 (1.4780e-01)	Weight Norm 37.815 (37.815)	Acc@1  95.31 ( 95.31)	Acc@5 100.00 (100.00)
Epoch: [18][101/782]	Time  0.353 ( 0.347)	Data  0.002 ( 0.003)	Loss 1.1375e-01 (9.6479e-02)	Weight Norm 37.802 (37.811)	Acc@1  96.88 ( 96.58)	Acc@5 100.00 ( 99.92)
Epoch: [18][201/782]	Time  0.354 ( 0.346)	Data  0.001 ( 0.002)	Loss 9.5896e-02 (9.6588e-02)	Weight Norm 37.791 (37.800)	Acc@1  95.31 ( 96.68)	Acc@5 100.00 ( 99.92)
Epoch: [18][301/782]	Time  0.344 ( 0.346)	Data  0.001 ( 0.001)	Loss 5.1616e-02 (9.3725e-02)	Weight Norm 37.794 (37.799)	Acc@1  98.44 ( 96.83)	Acc@5 100.00 ( 99.93)
Epoch: [18][401/782]	Time  0.351 ( 0.346)	Data  0.002 ( 0.001)	Loss 5.9159e-02 (9.6554e-02)	Weight Norm 37.775 (37.795)	Acc@1  98.44 ( 96.75)	Acc@5 100.00 ( 99.92)
Epoch: [18][501/782]	Time  0.354 ( 0.346)	Data  0.002 ( 0.001)	Loss 6.5231e-02 (9.7467e-02)	Weight Norm 37.773 (37.789)	Acc@1  98.44 ( 96.76)	Acc@5 100.00 ( 99.93)
Epoch: [18][601/782]	Time  0.355 ( 0.346)	Data  0.001 ( 0.001)	Loss 9.1398e-02 (9.8202e-02)	Weight Norm 37.763 (37.787)	Acc@1  95.31 ( 96.74)	Acc@5 100.00 ( 99.93)
Epoch: [18][701/782]	Time  0.344 ( 0.346)	Data  0.001 ( 0.001)	Loss 1.0442e-01 (9.9494e-02)	Weight Norm 37.761 (37.783)	Acc@1  95.31 ( 96.72)	Acc@5 100.00 ( 99.93)
Test: [  1/157]	Time  0.253 ( 0.253)	Loss 5.7387e-01 (5.7387e-01)	Acc@1  85.94 ( 85.94)	Acc@5  98.44 ( 98.44)
Test: [101/157]	Time  0.006 ( 0.009)	Loss 5.1393e-01 (5.0944e-01)	Acc@1  84.38 ( 86.01)	Acc@5 100.00 ( 99.16)
 *   Acc@1 86.150 Acc@5 99.210
Epoch: [19][  1/782]	Time  0.586 ( 0.586)	Data  0.247 ( 0.247)	Loss 1.1882e-01 (1.1882e-01)	Weight Norm 37.759 (37.759)	Acc@1  96.88 ( 96.88)	Acc@5 100.00 (100.00)
Epoch: [19][101/782]	Time  0.341 ( 0.348)	Data  0.002 ( 0.003)	Loss 6.7285e-02 (8.5999e-02)	Weight Norm 37.770 (37.772)	Acc@1  98.44 ( 97.34)	Acc@5 100.00 ( 99.98)
Epoch: [19][201/782]	Time  0.353 ( 0.346)	Data  0.001 ( 0.002)	Loss 2.0745e-01 (9.5322e-02)	Weight Norm 37.808 (37.784)	Acc@1  95.31 ( 97.06)	Acc@5 100.00 ( 99.97)
Epoch: [19][301/782]	Time  0.343 ( 0.346)	Data  0.001 ( 0.001)	Loss 9.0616e-02 (9.9859e-02)	Weight Norm 37.770 (37.787)	Acc@1  96.88 ( 96.86)	Acc@5 100.00 ( 99.96)
Epoch: [19][401/782]	Time  0.348 ( 0.346)	Data  0.002 ( 0.001)	Loss 2.3472e-01 (9.5952e-02)	Weight Norm 37.823 (37.787)	Acc@1  90.62 ( 96.99)	Acc@5 100.00 ( 99.97)
Epoch: [19][501/782]	Time  0.343 ( 0.346)	Data  0.002 ( 0.001)	Loss 3.9139e-02 (9.8374e-02)	Weight Norm 37.832 (37.792)	Acc@1  98.44 ( 96.84)	Acc@5 100.00 ( 99.96)
Epoch: [19][601/782]	Time  0.337 ( 0.345)	Data  0.001 ( 0.001)	Loss 4.0699e-02 (9.8080e-02)	Weight Norm 37.783 (37.795)	Acc@1 100.00 ( 96.83)	Acc@5 100.00 ( 99.96)
Epoch: [19][701/782]	Time  0.342 ( 0.344)	Data  0.002 ( 0.001)	Loss 1.6858e-01 (9.9144e-02)	Weight Norm 37.762 (37.792)	Acc@1  92.19 ( 96.80)	Acc@5 100.00 ( 99.96)
Test: [  1/157]	Time  0.245 ( 0.245)	Loss 6.1573e-01 (6.1573e-01)	Acc@1  85.94 ( 85.94)	Acc@5  98.44 ( 98.44)
Test: [101/157]	Time  0.006 ( 0.009)	Loss 6.8480e-01 (6.1540e-01)	Acc@1  89.06 ( 84.64)	Acc@5 100.00 ( 98.98)
 *   Acc@1 84.750 Acc@5 99.060
Epoch: [20][  1/782]	Time  0.574 ( 0.574)	Data  0.243 ( 0.243)	Loss 2.0022e-01 (2.0022e-01)	Weight Norm 37.782 (37.782)	Acc@1  93.75 ( 93.75)	Acc@5 100.00 (100.00)
Epoch: [20][101/782]	Time  0.341 ( 0.345)	Data  0.002 ( 0.003)	Loss 6.6626e-02 (9.0112e-02)	Weight Norm 37.749 (37.765)	Acc@1  96.88 ( 97.11)	Acc@5 100.00 ( 99.97)
Epoch: [20][201/782]	Time  0.340 ( 0.344)	Data  0.002 ( 0.002)	Loss 1.4896e-01 (8.7816e-02)	Weight Norm 37.764 (37.766)	Acc@1  95.31 ( 97.07)	Acc@5 100.00 ( 99.95)
Epoch: [20][301/782]	Time  0.351 ( 0.344)	Data  0.001 ( 0.001)	Loss 8.5523e-02 (8.9685e-02)	Weight Norm 37.743 (37.763)	Acc@1  96.88 ( 96.97)	Acc@5 100.00 ( 99.96)
Epoch: [20][401/782]	Time  0.341 ( 0.344)	Data  0.002 ( 0.001)	Loss 9.6354e-02 (9.2939e-02)	Weight Norm 37.755 (37.758)	Acc@1  95.31 ( 96.88)	Acc@5 100.00 ( 99.96)
Epoch: [20][501/782]	Time  0.341 ( 0.345)	Data  0.001 ( 0.001)	Loss 1.0360e-01 (9.1771e-02)	Weight Norm 37.758 (37.756)	Acc@1  96.88 ( 96.95)	Acc@5 100.00 ( 99.95)
Epoch: [20][601/782]	Time  0.351 ( 0.345)	Data  0.001 ( 0.001)	Loss 4.0509e-02 (9.3905e-02)	Weight Norm 37.726 (37.753)	Acc@1  98.44 ( 96.86)	Acc@5 100.00 ( 99.95)
Epoch: [20][701/782]	Time  0.352 ( 0.345)	Data  0.002 ( 0.001)	Loss 1.5596e-01 (9.4799e-02)	Weight Norm 37.749 (37.752)	Acc@1  93.75 ( 96.86)	Acc@5 100.00 ( 99.95)
Test: [  1/157]	Time  0.244 ( 0.244)	Loss 7.6223e-01 (7.6223e-01)	Acc@1  85.94 ( 85.94)	Acc@5  95.31 ( 95.31)
Test: [101/157]	Time  0.006 ( 0.009)	Loss 7.9427e-01 (5.5387e-01)	Acc@1  81.25 ( 86.11)	Acc@5 100.00 ( 99.16)
 *   Acc@1 85.790 Acc@5 99.220
Epoch: [21][  1/782]	Time  0.594 ( 0.594)	Data  0.246 ( 0.246)	Loss 1.2585e-01 (1.2585e-01)	Weight Norm 37.754 (37.754)	Acc@1  95.31 ( 95.31)	Acc@5 100.00 (100.00)
Epoch: [21][101/782]	Time  0.354 ( 0.347)	Data  0.002 ( 0.003)	Loss 2.9891e-02 (8.8019e-02)	Weight Norm 37.777 (37.766)	Acc@1  98.44 ( 97.17)	Acc@5 100.00 ( 99.97)
Epoch: [21][201/782]	Time  0.342 ( 0.345)	Data  0.001 ( 0.002)	Loss 5.8494e-02 (7.8146e-02)	Weight Norm 37.733 (37.756)	Acc@1  98.44 ( 97.57)	Acc@5 100.00 ( 99.98)
Epoch: [21][301/782]	Time  0.342 ( 0.345)	Data  0.002 ( 0.001)	Loss 1.7391e-02 (8.2505e-02)	Weight Norm 37.750 (37.754)	Acc@1 100.00 ( 97.36)	Acc@5 100.00 ( 99.98)
Epoch: [21][401/782]	Time  0.339 ( 0.344)	Data  0.002 ( 0.001)	Loss 1.2201e-01 (8.0125e-02)	Weight Norm 37.771 (37.754)	Acc@1  93.75 ( 97.42)	Acc@5 100.00 ( 99.99)
Epoch: [21][501/782]	Time  0.339 ( 0.343)	Data  0.001 ( 0.001)	Loss 1.3277e-02 (8.1300e-02)	Weight Norm 37.761 (37.755)	Acc@1 100.00 ( 97.38)	Acc@5 100.00 ( 99.98)
Epoch: [21][601/782]	Time  0.351 ( 0.343)	Data  0.001 ( 0.001)	Loss 2.2235e-02 (8.2750e-02)	Weight Norm 37.746 (37.753)	Acc@1 100.00 ( 97.36)	Acc@5 100.00 ( 99.97)
Epoch: [21][701/782]	Time  0.353 ( 0.343)	Data  0.002 ( 0.001)	Loss 7.4938e-02 (8.2953e-02)	Weight Norm 37.777 (37.752)	Acc@1  96.88 ( 97.33)	Acc@5 100.00 ( 99.97)
Test: [  1/157]	Time  0.248 ( 0.248)	Loss 4.7224e-01 (4.7224e-01)	Acc@1  85.94 ( 85.94)	Acc@5 100.00 (100.00)
Test: [101/157]	Time  0.006 ( 0.009)	Loss 9.4662e-01 (5.1697e-01)	Acc@1  81.25 ( 86.42)	Acc@5 100.00 ( 99.26)
 *   Acc@1 86.260 Acc@5 99.350
Epoch: [22][  1/782]	Time  0.588 ( 0.588)	Data  0.248 ( 0.248)	Loss 2.8766e-02 (2.8766e-02)	Weight Norm 37.779 (37.779)	Acc@1 100.00 (100.00)	Acc@5 100.00 (100.00)
Epoch: [22][101/782]	Time  0.340 ( 0.345)	Data  0.002 ( 0.003)	Loss 6.4740e-02 (6.4724e-02)	Weight Norm 37.789 (37.784)	Acc@1  98.44 ( 97.99)	Acc@5 100.00 ( 99.97)
Epoch: [22][201/782]	Time  0.339 ( 0.345)	Data  0.002 ( 0.002)	Loss 1.4659e-01 (6.5691e-02)	Weight Norm 37.776 (37.786)	Acc@1  95.31 ( 97.89)	Acc@5 100.00 ( 99.97)
Epoch: [22][301/782]	Time  0.341 ( 0.345)	Data  0.001 ( 0.001)	Loss 3.6720e-02 (6.7291e-02)	Weight Norm 37.756 (37.775)	Acc@1 100.00 ( 97.87)	Acc@5 100.00 ( 99.98)
Epoch: [22][401/782]	Time  0.345 ( 0.345)	Data  0.002 ( 0.001)	Loss 1.2342e-01 (6.8110e-02)	Weight Norm 37.742 (37.768)	Acc@1  96.88 ( 97.82)	Acc@5 100.00 ( 99.98)
Epoch: [22][501/782]	Time  0.342 ( 0.345)	Data  0.001 ( 0.001)	Loss 1.1243e-01 (7.0560e-02)	Weight Norm 37.758 (37.763)	Acc@1  96.88 ( 97.76)	Acc@5 100.00 ( 99.97)
Epoch: [22][601/782]	Time  0.344 ( 0.345)	Data  0.002 ( 0.001)	Loss 3.4803e-02 (7.1011e-02)	Weight Norm 37.711 (37.757)	Acc@1  98.44 ( 97.76)	Acc@5 100.00 ( 99.97)
Epoch: [22][701/782]	Time  0.343 ( 0.345)	Data  0.002 ( 0.001)	Loss 9.5306e-02 (7.6099e-02)	Weight Norm 37.756 (37.754)	Acc@1  96.88 ( 97.62)	Acc@5 100.00 ( 99.97)
Test: [  1/157]	Time  0.255 ( 0.255)	Loss 2.0552e-01 (2.0552e-01)	Acc@1  93.75 ( 93.75)	Acc@5 100.00 (100.00)
Test: [101/157]	Time  0.006 ( 0.009)	Loss 7.6761e-01 (5.5888e-01)	Acc@1  84.38 ( 86.05)	Acc@5 100.00 ( 99.07)
 *   Acc@1 86.160 Acc@5 99.130
Epoch: [23][  1/782]	Time  0.584 ( 0.584)	Data  0.243 ( 0.243)	Loss 8.3438e-02 (8.3438e-02)	Weight Norm 37.756 (37.756)	Acc@1  95.31 ( 95.31)	Acc@5 100.00 (100.00)
Epoch: [23][101/782]	Time  0.353 ( 0.346)	Data  0.002 ( 0.003)	Loss 1.0436e-01 (7.8917e-02)	Weight Norm 37.752 (37.758)	Acc@1  96.88 ( 97.51)	Acc@5 100.00 ( 99.95)
Epoch: [23][201/782]	Time  0.344 ( 0.345)	Data  0.002 ( 0.002)	Loss 3.9693e-03 (7.2599e-02)	Weight Norm 37.720 (37.742)	Acc@1 100.00 ( 97.61)	Acc@5 100.00 ( 99.97)
Epoch: [23][301/782]	Time  0.344 ( 0.345)	Data  0.002 ( 0.001)	Loss 5.8548e-02 (6.8276e-02)	Weight Norm 37.732 (37.742)	Acc@1  96.88 ( 97.72)	Acc@5 100.00 ( 99.97)
Epoch: [23][401/782]	Time  0.355 ( 0.346)	Data  0.002 ( 0.001)	Loss 1.6902e-01 (6.9582e-02)	Weight Norm 37.754 (37.740)	Acc@1  93.75 ( 97.70)	Acc@5 100.00 ( 99.97)
Epoch: [23][501/782]	Time  0.347 ( 0.347)	Data  0.002 ( 0.001)	Loss 5.0869e-02 (6.8917e-02)	Weight Norm 37.730 (37.743)	Acc@1  98.44 ( 97.70)	Acc@5 100.00 ( 99.97)
Epoch: [23][601/782]	Time  0.344 ( 0.348)	Data  0.001 ( 0.001)	Loss 1.1074e-01 (7.0641e-02)	Weight Norm 37.742 (37.742)	Acc@1  96.88 ( 97.65)	Acc@5 100.00 ( 99.97)
Epoch: [23][701/782]	Time  0.353 ( 0.348)	Data  0.002 ( 0.001)	Loss 5.0123e-02 (6.9432e-02)	Weight Norm 37.778 (37.743)	Acc@1  96.88 ( 97.70)	Acc@5 100.00 ( 99.98)
Test: [  1/157]	Time  0.256 ( 0.256)	Loss 4.2435e-01 (4.2435e-01)	Acc@1  90.62 ( 90.62)	Acc@5 100.00 (100.00)
Test: [101/157]	Time  0.006 ( 0.008)	Loss 8.0882e-01 (5.7484e-01)	Acc@1  87.50 ( 85.81)	Acc@5  98.44 ( 99.23)
 *   Acc@1 86.000 Acc@5 99.250
Epoch: [24][  1/782]	Time  0.579 ( 0.579)	Data  0.241 ( 0.241)	Loss 1.9331e-01 (1.9331e-01)	Weight Norm 37.724 (37.724)	Acc@1  93.75 ( 93.75)	Acc@5 100.00 (100.00)
Epoch: [24][101/782]	Time  0.346 ( 0.354)	Data  0.002 ( 0.003)	Loss 3.3021e-02 (6.9648e-02)	Weight Norm 37.747 (37.753)	Acc@1  98.44 ( 97.52)	Acc@5 100.00 ( 99.97)
Epoch: [24][201/782]	Time  0.354 ( 0.353)	Data  0.001 ( 0.002)	Loss 3.2619e-02 (7.1092e-02)	Weight Norm 37.762 (37.763)	Acc@1  98.44 ( 97.60)	Acc@5 100.00 ( 99.97)
Epoch: [24][301/782]	Time  0.355 ( 0.353)	Data  0.002 ( 0.001)	Loss 2.8133e-02 (6.6371e-02)	Weight Norm 37.775 (37.770)	Acc@1 100.00 ( 97.84)	Acc@5 100.00 ( 99.97)
Epoch: [24][401/782]	Time  0.346 ( 0.353)	Data  0.002 ( 0.001)	Loss 1.7675e-01 (6.6317e-02)	Weight Norm 37.781 (37.769)	Acc@1  95.31 ( 97.86)	Acc@5 100.00 ( 99.98)
Epoch: [24][501/782]	Time  0.351 ( 0.352)	Data  0.002 ( 0.001)	Loss 1.2690e-01 (6.4465e-02)	Weight Norm 37.787 (37.775)	Acc@1  96.88 ( 97.90)	Acc@5 100.00 ( 99.98)
Epoch: [24][601/782]	Time  0.358 ( 0.352)	Data  0.001 ( 0.001)	Loss 1.3618e-01 (6.6710e-02)	Weight Norm 37.796 (37.779)	Acc@1  93.75 ( 97.84)	Acc@5 100.00 ( 99.98)
Epoch: [24][701/782]	Time  0.355 ( 0.352)	Data  0.001 ( 0.001)	Loss 4.6982e-02 (6.8076e-02)	Weight Norm 37.787 (37.781)	Acc@1  98.44 ( 97.80)	Acc@5 100.00 ( 99.97)
Test: [  1/157]	Time  0.242 ( 0.242)	Loss 4.0806e-01 (4.0806e-01)	Acc@1  89.06 ( 89.06)	Acc@5  98.44 ( 98.44)
Test: [101/157]	Time  0.006 ( 0.008)	Loss 6.3153e-01 (5.2803e-01)	Acc@1  85.94 ( 86.91)	Acc@5 100.00 ( 99.29)
 *   Acc@1 86.840 Acc@5 99.360
Epoch: [25][  1/782]	Time  0.584 ( 0.584)	Data  0.251 ( 0.251)	Loss 3.9642e-02 (3.9642e-02)	Weight Norm 37.775 (37.775)	Acc@1  98.44 ( 98.44)	Acc@5 100.00 (100.00)
Epoch: [25][101/782]	Time  0.340 ( 0.346)	Data  0.002 ( 0.003)	Loss 1.1549e-02 (4.7337e-02)	Weight Norm 37.737 (37.747)	Acc@1 100.00 ( 98.38)	Acc@5 100.00 ( 99.98)
Epoch: [25][201/782]	Time  0.338 ( 0.345)	Data  0.001 ( 0.002)	Loss 4.2415e-02 (5.0967e-02)	Weight Norm 37.765 (37.749)	Acc@1  98.44 ( 98.19)	Acc@5 100.00 ( 99.99)
Epoch: [25][301/782]	Time  0.343 ( 0.344)	Data  0.001 ( 0.001)	Loss 5.9701e-02 (5.2789e-02)	Weight Norm 37.752 (37.755)	Acc@1  98.44 ( 98.14)	Acc@5 100.00 ( 99.99)
Epoch: [25][401/782]	Time  0.340 ( 0.345)	Data  0.002 ( 0.001)	Loss 4.7710e-02 (5.5948e-02)	Weight Norm 37.776 (37.755)	Acc@1  98.44 ( 98.10)	Acc@5 100.00 ( 99.98)
Epoch: [25][501/782]	Time  0.340 ( 0.348)	Data  0.002 ( 0.001)	Loss 5.0072e-02 (5.6594e-02)	Weight Norm 37.760 (37.754)	Acc@1  98.44 ( 98.13)	Acc@5 100.00 ( 99.98)
Epoch: [25][601/782]	Time  0.353 ( 0.347)	Data  0.002 ( 0.001)	Loss 9.0808e-03 (5.8335e-02)	Weight Norm 37.722 (37.753)	Acc@1 100.00 ( 98.08)	Acc@5 100.00 ( 99.97)
Epoch: [25][701/782]	Time  0.343 ( 0.347)	Data  0.002 ( 0.001)	Loss 3.9446e-02 (5.8566e-02)	Weight Norm 37.718 (37.749)	Acc@1  96.88 ( 98.07)	Acc@5 100.00 ( 99.97)
Test: [  1/157]	Time  0.251 ( 0.251)	Loss 4.2722e-01 (4.2722e-01)	Acc@1  87.50 ( 87.50)	Acc@5 100.00 (100.00)
Test: [101/157]	Time  0.006 ( 0.009)	Loss 4.5833e-01 (5.3871e-01)	Acc@1  82.81 ( 86.73)	Acc@5 100.00 ( 99.38)
 *   Acc@1 86.650 Acc@5 99.420
Epoch: [26][  1/782]	Time  0.577 ( 0.577)	Data  0.242 ( 0.242)	Loss 1.1096e-02 (1.1096e-02)	Weight Norm 37.742 (37.742)	Acc@1 100.00 (100.00)	Acc@5 100.00 (100.00)
Epoch: [26][101/782]	Time  0.364 ( 0.346)	Data  0.002 ( 0.003)	Loss 3.5820e-02 (8.1957e-02)	Weight Norm 37.746 (37.750)	Acc@1  98.44 ( 97.34)	Acc@5 100.00 ( 99.95)
Epoch: [26][201/782]	Time  0.355 ( 0.346)	Data  0.002 ( 0.001)	Loss 9.2877e-02 (7.7655e-02)	Weight Norm 37.712 (37.736)	Acc@1  95.31 ( 97.57)	Acc@5 100.00 ( 99.96)
Epoch: [26][301/782]	Time  0.347 ( 0.345)	Data  0.001 ( 0.001)	Loss 1.9330e-01 (7.1236e-02)	Weight Norm 37.699 (37.729)	Acc@1  93.75 ( 97.73)	Acc@5 100.00 ( 99.96)
Epoch: [26][401/782]	Time  0.360 ( 0.345)	Data  0.003 ( 0.001)	Loss 8.7215e-02 (6.5675e-02)	Weight Norm 37.668 (37.714)	Acc@1  95.31 ( 97.88)	Acc@5 100.00 ( 99.97)
Epoch: [26][501/782]	Time  0.337 ( 0.348)	Data  0.001 ( 0.001)	Loss 1.9039e-01 (6.3249e-02)	Weight Norm 37.647 (37.701)	Acc@1  95.31 ( 97.97)	Acc@5 100.00 ( 99.97)
Epoch: [26][601/782]	Time  0.336 ( 0.347)	Data  0.001 ( 0.001)	Loss 1.1095e-01 (6.7028e-02)	Weight Norm 37.646 (37.692)	Acc@1  96.88 ( 97.86)	Acc@5 100.00 ( 99.97)
Epoch: [26][701/782]	Time  0.335 ( 0.346)	Data  0.002 ( 0.001)	Loss 1.9026e-02 (6.6821e-02)	Weight Norm 37.647 (37.685)	Acc@1 100.00 ( 97.82)	Acc@5 100.00 ( 99.97)
Test: [  1/157]	Time  0.268 ( 0.268)	Loss 5.5221e-01 (5.5221e-01)	Acc@1  85.94 ( 85.94)	Acc@5 100.00 (100.00)
Test: [101/157]	Time  0.006 ( 0.009)	Loss 6.5452e-01 (5.6135e-01)	Acc@1  84.38 ( 86.66)	Acc@5 100.00 ( 99.43)
 *   Acc@1 86.660 Acc@5 99.390
Epoch: [27][  1/782]	Time  0.597 ( 0.597)	Data  0.253 ( 0.253)	Loss 5.8248e-02 (5.8248e-02)	Weight Norm 37.628 (37.628)	Acc@1  96.88 ( 96.88)	Acc@5 100.00 (100.00)
Epoch: [27][101/782]	Time  0.339 ( 0.345)	Data  0.002 ( 0.003)	Loss 3.1713e-02 (4.8467e-02)	Weight Norm 37.605 (37.626)	Acc@1  98.44 ( 98.36)	Acc@5 100.00 ( 99.98)
Epoch: [27][201/782]	Time  0.337 ( 0.342)	Data  0.001 ( 0.002)	Loss 3.4821e-02 (5.6578e-02)	Weight Norm 37.533 (37.596)	Acc@1  98.44 ( 98.06)	Acc@5 100.00 ( 99.98)
Epoch: [27][301/782]	Time  0.346 ( 0.342)	Data  0.001 ( 0.001)	Loss 6.2868e-02 (5.4506e-02)	Weight Norm 37.554 (37.581)	Acc@1  98.44 ( 98.18)	Acc@5 100.00 ( 99.98)
Epoch: [27][401/782]	Time  0.338 ( 0.342)	Data  0.002 ( 0.001)	Loss 2.0133e-02 (5.6222e-02)	Weight Norm 37.536 (37.571)	Acc@1 100.00 ( 98.12)	Acc@5 100.00 ( 99.98)
Epoch: [27][501/782]	Time  0.339 ( 0.342)	Data  0.002 ( 0.001)	Loss 6.1375e-02 (5.7014e-02)	Weight Norm 37.577 (37.569)	Acc@1  98.44 ( 98.11)	Acc@5 100.00 ( 99.98)
Epoch: [27][601/782]	Time  0.336 ( 0.342)	Data  0.001 ( 0.001)	Loss 2.6342e-02 (5.8925e-02)	Weight Norm 37.599 (37.572)	Acc@1  98.44 ( 98.06)	Acc@5 100.00 ( 99.99)
Epoch: [27][701/782]	Time  0.347 ( 0.341)	Data  0.002 ( 0.001)	Loss 1.8185e-02 (5.7504e-02)	Weight Norm 37.587 (37.575)	Acc@1 100.00 ( 98.10)	Acc@5 100.00 ( 99.99)
Test: [  1/157]	Time  0.244 ( 0.244)	Loss 4.6044e-01 (4.6044e-01)	Acc@1  87.50 ( 87.50)	Acc@5 100.00 (100.00)
Test: [101/157]	Time  0.006 ( 0.008)	Loss 5.9599e-01 (5.5650e-01)	Acc@1  84.38 ( 86.39)	Acc@5 100.00 ( 99.18)
 *   Acc@1 86.390 Acc@5 99.310
Epoch: [28][  1/782]	Time  0.580 ( 0.580)	Data  0.239 ( 0.239)	Loss 3.2468e-02 (3.2468e-02)	Weight Norm 37.557 (37.557)	Acc@1  98.44 ( 98.44)	Acc@5 100.00 (100.00)
Epoch: [28][101/782]	Time  0.339 ( 0.343)	Data  0.002 ( 0.003)	Loss 7.0838e-03 (5.4022e-02)	Weight Norm 37.588 (37.586)	Acc@1 100.00 ( 97.99)	Acc@5 100.00 (100.00)
Epoch: [28][201/782]	Time  0.340 ( 0.343)	Data  0.002 ( 0.001)	Loss 2.8227e-02 (4.8641e-02)	Weight Norm 37.559 (37.580)	Acc@1  98.44 ( 98.26)	Acc@5 100.00 ( 99.99)
Epoch: [28][301/782]	Time  0.342 ( 0.344)	Data  0.002 ( 0.001)	Loss 6.4004e-03 (5.0008e-02)	Weight Norm 37.573 (37.576)	Acc@1 100.00 ( 98.21)	Acc@5 100.00 ( 99.99)
Epoch: [28][401/782]	Time  0.339 ( 0.344)	Data  0.002 ( 0.001)	Loss 2.7046e-01 (5.2407e-02)	Weight Norm 37.613 (37.576)	Acc@1  95.31 ( 98.19)	Acc@5 100.00 ( 99.99)
Epoch: [28][501/782]	Time  0.341 ( 0.344)	Data  0.002 ( 0.001)	Loss 1.4472e-01 (5.2504e-02)	Weight Norm 37.599 (37.584)	Acc@1  95.31 ( 98.19)	Acc@5 100.00 ( 99.99)
Epoch: [28][601/782]	Time  0.342 ( 0.344)	Data  0.002 ( 0.001)	Loss 4.3314e-02 (5.3004e-02)	Weight Norm 37.605 (37.588)	Acc@1  98.44 ( 98.20)	Acc@5 100.00 ( 99.99)
Epoch: [28][701/782]	Time  0.337 ( 0.344)	Data  0.001 ( 0.001)	Loss 3.7362e-02 (5.1861e-02)	Weight Norm 37.644 (37.592)	Acc@1  98.44 ( 98.24)	Acc@5 100.00 ( 99.99)
Test: [  1/157]	Time  0.250 ( 0.250)	Loss 5.4525e-01 (5.4525e-01)	Acc@1  89.06 ( 89.06)	Acc@5  98.44 ( 98.44)
Test: [101/157]	Time  0.006 ( 0.008)	Loss 7.8147e-01 (5.9739e-01)	Acc@1  85.94 ( 86.05)	Acc@5  98.44 ( 98.96)
 *   Acc@1 86.080 Acc@5 98.950
Epoch: [29][  1/782]	Time  0.579 ( 0.579)	Data  0.239 ( 0.239)	Loss 1.5209e-01 (1.5209e-01)	Weight Norm 37.629 (37.629)	Acc@1  93.75 ( 93.75)	Acc@5 100.00 (100.00)
Epoch: [29][101/782]	Time  0.337 ( 0.342)	Data  0.002 ( 0.003)	Loss 5.1104e-02 (4.9211e-02)	Weight Norm 37.598 (37.622)	Acc@1  98.44 ( 98.30)	Acc@5 100.00 ( 99.98)
Epoch: [29][201/782]	Time  0.348 ( 0.341)	Data  0.002 ( 0.001)	Loss 1.1560e-02 (4.7016e-02)	Weight Norm 37.603 (37.621)	Acc@1 100.00 ( 98.39)	Acc@5 100.00 ( 99.98)
Epoch: [29][301/782]	Time  0.338 ( 0.341)	Data  0.002 ( 0.001)	Loss 1.9043e-02 (4.4586e-02)	Weight Norm 37.619 (37.618)	Acc@1 100.00 ( 98.53)	Acc@5 100.00 ( 99.98)
Epoch: [29][401/782]	Time  0.337 ( 0.341)	Data  0.002 ( 0.001)	Loss 1.0424e-01 (4.5775e-02)	Weight Norm 37.628 (37.618)	Acc@1  95.31 ( 98.50)	Acc@5 100.00 ( 99.99)
Epoch: [29][501/782]	Time  0.348 ( 0.341)	Data  0.002 ( 0.001)	Loss 1.7022e-01 (4.8485e-02)	Weight Norm 37.609 (37.616)	Acc@1  96.88 ( 98.40)	Acc@5 100.00 ( 99.99)
Epoch: [29][601/782]	Time  0.336 ( 0.341)	Data  0.001 ( 0.001)	Loss 9.4933e-02 (5.0136e-02)	Weight Norm 37.649 (37.622)	Acc@1  95.31 ( 98.37)	Acc@5 100.00 ( 99.99)
Epoch: [29][701/782]	Time  0.337 ( 0.341)	Data  0.002 ( 0.001)	Loss 3.1546e-02 (5.1643e-02)	Weight Norm 37.625 (37.624)	Acc@1  98.44 ( 98.33)	Acc@5 100.00 ( 99.99)
Test: [  1/157]	Time  0.253 ( 0.253)	Loss 4.5291e-01 (4.5291e-01)	Acc@1  85.94 ( 85.94)	Acc@5  98.44 ( 98.44)
Test: [101/157]	Time  0.006 ( 0.009)	Loss 8.3323e-01 (5.9972e-01)	Acc@1  82.81 ( 86.25)	Acc@5 100.00 ( 99.24)
 *   Acc@1 86.230 Acc@5 99.270
Epoch: [30][  1/782]	Time  0.579 ( 0.579)	Data  0.245 ( 0.245)	Loss 8.6085e-03 (8.6085e-03)	Weight Norm 37.615 (37.615)	Acc@1 100.00 (100.00)	Acc@5 100.00 (100.00)
Epoch: [30][101/782]	Time  0.338 ( 0.344)	Data  0.002 ( 0.003)	Loss 1.1224e-02 (3.2998e-02)	Weight Norm 37.610 (37.613)	Acc@1 100.00 ( 98.93)	Acc@5 100.00 (100.00)
Epoch: [30][201/782]	Time  0.341 ( 0.343)	Data  0.001 ( 0.002)	Loss 6.8302e-02 (2.8846e-02)	Weight Norm 37.601 (37.610)	Acc@1  98.44 ( 99.05)	Acc@5 100.00 (100.00)
Epoch: [30][301/782]	Time  0.351 ( 0.343)	Data  0.001 ( 0.001)	Loss 2.6637e-02 (2.7215e-02)	Weight Norm 37.601 (37.607)	Acc@1  98.44 ( 99.14)	Acc@5 100.00 (100.00)
Epoch: [30][401/782]	Time  0.352 ( 0.343)	Data  0.002 ( 0.001)	Loss 5.0191e-03 (2.4014e-02)	Weight Norm 37.598 (37.605)	Acc@1 100.00 ( 99.24)	Acc@5 100.00 (100.00)
Epoch: [30][501/782]	Time  0.339 ( 0.343)	Data  0.002 ( 0.001)	Loss 2.0276e-03 (2.2661e-02)	Weight Norm 37.593 (37.603)	Acc@1 100.00 ( 99.30)	Acc@5 100.00 (100.00)
Epoch: [30][601/782]	Time  0.350 ( 0.343)	Data  0.001 ( 0.001)	Loss 1.1628e-02 (2.1432e-02)	Weight Norm 37.592 (37.601)	Acc@1 100.00 ( 99.33)	Acc@5 100.00 (100.00)
Epoch: [30][701/782]	Time  0.340 ( 0.343)	Data  0.001 ( 0.001)	Loss 2.4691e-02 (2.0982e-02)	Weight Norm 37.583 (37.599)	Acc@1  98.44 ( 99.34)	Acc@5 100.00 (100.00)
Test: [  1/157]	Time  0.256 ( 0.256)	Loss 3.3259e-01 (3.3259e-01)	Acc@1  92.19 ( 92.19)	Acc@5  98.44 ( 98.44)
Test: [101/157]	Time  0.006 ( 0.009)	Loss 7.1797e-01 (5.0067e-01)	Acc@1  82.81 ( 88.72)	Acc@5 100.00 ( 99.47)
 *   Acc@1 88.730 Acc@5 99.490
Epoch: [31][  1/782]	Time  0.582 ( 0.582)	Data  0.252 ( 0.252)	Loss 1.3021e-03 (1.3021e-03)	Weight Norm 37.583 (37.583)	Acc@1 100.00 (100.00)	Acc@5 100.00 (100.00)
Epoch: [31][101/782]	Time  0.331 ( 0.338)	Data  0.002 ( 0.003)	Loss 4.5488e-04 (8.6522e-03)	Weight Norm 37.585 (37.584)	Acc@1 100.00 ( 99.74)	Acc@5 100.00 (100.00)
Epoch: [31][201/782]	Time  0.338 ( 0.337)	Data  0.001 ( 0.002)	Loss 1.4077e-03 (9.6977e-03)	Weight Norm 37.585 (37.584)	Acc@1 100.00 ( 99.68)	Acc@5 100.00 ( 99.99)
Epoch: [31][301/782]	Time  0.332 ( 0.336)	Data  0.001 ( 0.001)	Loss 7.7743e-03 (1.0157e-02)	Weight Norm 37.583 (37.584)	Acc@1 100.00 ( 99.69)	Acc@5 100.00 ( 99.99)
Epoch: [31][401/782]	Time  0.331 ( 0.337)	Data  0.002 ( 0.001)	Loss 1.1759e-02 (9.7016e-03)	Weight Norm 37.581 (37.584)	Acc@1 100.00 ( 99.71)	Acc@5 100.00 (100.00)
Epoch: [31][501/782]	Time  0.336 ( 0.337)	Data  0.001 ( 0.001)	Loss 1.5690e-03 (9.2774e-03)	Weight Norm 37.577 (37.583)	Acc@1 100.00 ( 99.73)	Acc@5 100.00 (100.00)
Epoch: [31][601/782]	Time  0.339 ( 0.338)	Data  0.001 ( 0.001)	Loss 1.3658e-02 (8.9335e-03)	Weight Norm 37.576 (37.582)	Acc@1  98.44 ( 99.74)	Acc@5 100.00 (100.00)
Epoch: [31][701/782]	Time  0.333 ( 0.338)	Data  0.001 ( 0.001)	Loss 1.5613e-03 (8.6835e-03)	Weight Norm 37.574 (37.581)	Acc@1 100.00 ( 99.75)	Acc@5 100.00 (100.00)
Test: [  1/157]	Time  0.245 ( 0.245)	Loss 2.8620e-01 (2.8620e-01)	Acc@1  93.75 ( 93.75)	Acc@5  98.44 ( 98.44)
Test: [101/157]	Time  0.006 ( 0.008)	Loss 7.4911e-01 (5.1710e-01)	Acc@1  84.38 ( 88.88)	Acc@5 100.00 ( 99.49)
 *   Acc@1 88.940 Acc@5 99.490
Epoch: [32][  1/782]	Time  0.578 ( 0.578)	Data  0.243 ( 0.243)	Loss 2.3948e-02 (2.3948e-02)	Weight Norm 37.570 (37.570)	Acc@1  98.44 ( 98.44)	Acc@5 100.00 (100.00)
Epoch: [32][101/782]	Time  0.346 ( 0.342)	Data  0.002 ( 0.003)	Loss 2.1143e-03 (7.1642e-03)	Weight Norm 37.568 (37.568)	Acc@1 100.00 ( 99.81)	Acc@5 100.00 (100.00)
Epoch: [32][201/782]	Time  0.340 ( 0.342)	Data  0.001 ( 0.001)	Loss 3.8849e-04 (5.5145e-03)	Weight Norm 37.565 (37.567)	Acc@1 100.00 ( 99.86)	Acc@5 100.00 (100.00)
Epoch: [32][301/782]	Time  0.337 ( 0.341)	Data  0.001 ( 0.001)	Loss 9.6969e-04 (5.5524e-03)	Weight Norm 37.565 (37.567)	Acc@1 100.00 ( 99.85)	Acc@5 100.00 (100.00)
Epoch: [32][401/782]	Time  0.337 ( 0.341)	Data  0.002 ( 0.001)	Loss 2.1627e-04 (5.0891e-03)	Weight Norm 37.564 (37.566)	Acc@1 100.00 ( 99.86)	Acc@5 100.00 (100.00)
Epoch: [32][501/782]	Time  0.350 ( 0.341)	Data  0.001 ( 0.001)	Loss 8.9525e-04 (5.0763e-03)	Weight Norm 37.565 (37.566)	Acc@1 100.00 ( 99.86)	Acc@5 100.00 (100.00)
Epoch: [32][601/782]	Time  0.337 ( 0.341)	Data  0.001 ( 0.001)	Loss 5.6047e-04 (5.1639e-03)	Weight Norm 37.562 (37.565)	Acc@1 100.00 ( 99.86)	Acc@5 100.00 (100.00)
Epoch: [32][701/782]	Time  0.337 ( 0.341)	Data  0.002 ( 0.001)	Loss 2.9527e-03 (5.4466e-03)	Weight Norm 37.559 (37.565)	Acc@1 100.00 ( 99.86)	Acc@5 100.00 (100.00)
Test: [  1/157]	Time  0.242 ( 0.242)	Loss 3.3231e-01 (3.3231e-01)	Acc@1  92.19 ( 92.19)	Acc@5  98.44 ( 98.44)
Test: [101/157]	Time  0.006 ( 0.009)	Loss 7.9502e-01 (5.4049e-01)	Acc@1  84.38 ( 88.95)	Acc@5 100.00 ( 99.52)
 *   Acc@1 89.000 Acc@5 99.540
Epoch: [33][  1/782]	Time  0.577 ( 0.577)	Data  0.241 ( 0.241)	Loss 3.3773e-03 (3.3773e-03)	Weight Norm 37.557 (37.557)	Acc@1 100.00 (100.00)	Acc@5 100.00 (100.00)
Epoch: [33][101/782]	Time  0.350 ( 0.342)	Data  0.002 ( 0.003)	Loss 7.3023e-04 (3.4037e-03)	Weight Norm 37.556 (37.557)	Acc@1 100.00 ( 99.92)	Acc@5 100.00 (100.00)
Epoch: [33][201/782]	Time  0.333 ( 0.341)	Data  0.002 ( 0.002)	Loss 3.2586e-04 (3.7848e-03)	Weight Norm 37.557 (37.556)	Acc@1 100.00 ( 99.93)	Acc@5 100.00 (100.00)
Epoch: [33][301/782]	Time  0.337 ( 0.340)	Data  0.002 ( 0.001)	Loss 5.7644e-04 (3.7328e-03)	Weight Norm 37.556 (37.556)	Acc@1 100.00 ( 99.93)	Acc@5 100.00 (100.00)
Epoch: [33][401/782]	Time  0.337 ( 0.340)	Data  0.002 ( 0.001)	Loss 5.2556e-04 (3.6470e-03)	Weight Norm 37.555 (37.556)	Acc@1 100.00 ( 99.93)	Acc@5 100.00 (100.00)
Epoch: [33][501/782]	Time  0.350 ( 0.340)	Data  0.001 ( 0.001)	Loss 2.7254e-03 (3.7737e-03)	Weight Norm 37.555 (37.556)	Acc@1 100.00 ( 99.92)	Acc@5 100.00 (100.00)
Epoch: [33][601/782]	Time  0.351 ( 0.340)	Data  0.002 ( 0.001)	Loss 1.3859e-02 (3.6228e-03)	Weight Norm 37.555 (37.556)	Acc@1  98.44 ( 99.92)	Acc@5 100.00 (100.00)
Epoch: [33][701/782]	Time  0.349 ( 0.341)	Data  0.001 ( 0.001)	Loss 1.7897e-03 (3.5808e-03)	Weight Norm 37.553 (37.556)	Acc@1 100.00 ( 99.92)	Acc@5 100.00 (100.00)
Test: [  1/157]	Time  0.250 ( 0.250)	Loss 3.5499e-01 (3.5499e-01)	Acc@1  90.62 ( 90.62)	Acc@5  98.44 ( 98.44)
Test: [101/157]	Time  0.006 ( 0.009)	Loss 8.4449e-01 (5.5191e-01)	Acc@1  82.81 ( 89.09)	Acc@5 100.00 ( 99.52)
 *   Acc@1 89.100 Acc@5 99.560
Epoch: [34][  1/782]	Time  0.576 ( 0.576)	Data  0.244 ( 0.244)	Loss 2.8334e-03 (2.8334e-03)	Weight Norm 37.550 (37.550)	Acc@1 100.00 (100.00)	Acc@5 100.00 (100.00)
Epoch: [34][101/782]	Time  0.338 ( 0.344)	Data  0.002 ( 0.003)	Loss 2.1005e-03 (3.5702e-03)	Weight Norm 37.546 (37.549)	Acc@1 100.00 ( 99.89)	Acc@5 100.00 (100.00)
Epoch: [34][201/782]	Time  0.339 ( 0.343)	Data  0.001 ( 0.002)	Loss 4.2135e-04 (2.9914e-03)	Weight Norm 37.544 (37.547)	Acc@1 100.00 ( 99.92)	Acc@5 100.00 (100.00)
Epoch: [34][301/782]	Time  0.333 ( 0.342)	Data  0.002 ( 0.001)	Loss 5.2493e-03 (2.7508e-03)	Weight Norm 37.542 (37.546)	Acc@1 100.00 ( 99.93)	Acc@5 100.00 (100.00)
Epoch: [34][401/782]	Time  0.340 ( 0.342)	Data  0.002 ( 0.001)	Loss 1.7212e-03 (2.8011e-03)	Weight Norm 37.542 (37.545)	Acc@1 100.00 ( 99.93)	Acc@5 100.00 (100.00)
Epoch: [34][501/782]	Time  0.338 ( 0.342)	Data  0.002 ( 0.001)	Loss 2.5699e-04 (2.6892e-03)	Weight Norm 37.539 (37.544)	Acc@1 100.00 ( 99.93)	Acc@5 100.00 (100.00)
Epoch: [34][601/782]	Time  0.338 ( 0.342)	Data  0.001 ( 0.001)	Loss 1.1320e-02 (2.6723e-03)	Weight Norm 37.539 (37.543)	Acc@1 100.00 ( 99.93)	Acc@5 100.00 (100.00)
Epoch: [34][701/782]	Time  0.338 ( 0.342)	Data  0.001 ( 0.001)	Loss 7.1382e-04 (2.5879e-03)	Weight Norm 37.537 (37.542)	Acc@1 100.00 ( 99.94)	Acc@5 100.00 (100.00)
Test: [  1/157]	Time  0.246 ( 0.246)	Loss 3.8833e-01 (3.8833e-01)	Acc@1  92.19 ( 92.19)	Acc@5  98.44 ( 98.44)
Test: [101/157]	Time  0.006 ( 0.008)	Loss 8.4699e-01 (5.6714e-01)	Acc@1  84.38 ( 88.91)	Acc@5 100.00 ( 99.50)
 *   Acc@1 89.050 Acc@5 99.520
Epoch: [35][  1/782]	Time  0.613 ( 0.613)	Data  0.238 ( 0.238)	Loss 3.7705e-03 (3.7705e-03)	Weight Norm 37.535 (37.535)	Acc@1 100.00 (100.00)	Acc@5 100.00 (100.00)
Epoch: [35][101/782]	Time  0.336 ( 0.344)	Data  0.002 ( 0.003)	Loss 8.4051e-03 (2.4876e-03)	Weight Norm 37.534 (37.534)	Acc@1 100.00 ( 99.95)	Acc@5 100.00 (100.00)
Epoch: [35][201/782]	Time  0.337 ( 0.343)	Data  0.001 ( 0.001)	Loss 2.4648e-04 (2.1559e-03)	Weight Norm 37.533 (37.534)	Acc@1 100.00 ( 99.95)	Acc@5 100.00 (100.00)
Epoch: [35][301/782]	Time  0.339 ( 0.343)	Data  0.002 ( 0.001)	Loss 3.3462e-04 (2.0858e-03)	Weight Norm 37.532 (37.533)	Acc@1 100.00 ( 99.95)	Acc@5 100.00 (100.00)
Epoch: [35][401/782]	Time  0.340 ( 0.343)	Data  0.001 ( 0.001)	Loss 6.1105e-05 (2.2408e-03)	Weight Norm 37.530 (37.533)	Acc@1 100.00 ( 99.94)	Acc@5 100.00 (100.00)
Epoch: [35][501/782]	Time  0.339 ( 0.343)	Data  0.002 ( 0.001)	Loss 6.3871e-05 (2.2218e-03)	Weight Norm 37.530 (37.532)	Acc@1 100.00 ( 99.94)	Acc@5 100.00 (100.00)
Epoch: [35][601/782]	Time  0.352 ( 0.343)	Data  0.001 ( 0.001)	Loss 2.4264e-04 (2.1534e-03)	Weight Norm 37.528 (37.532)	Acc@1 100.00 ( 99.95)	Acc@5 100.00 (100.00)
Epoch: [35][701/782]	Time  0.352 ( 0.343)	Data  0.001 ( 0.001)	Loss 4.1381e-05 (2.1237e-03)	Weight Norm 37.528 (37.531)	Acc@1 100.00 ( 99.94)	Acc@5 100.00 (100.00)
Test: [  1/157]	Time  0.252 ( 0.252)	Loss 3.7123e-01 (3.7123e-01)	Acc@1  92.19 ( 92.19)	Acc@5  98.44 ( 98.44)
Test: [101/157]	Time  0.007 ( 0.009)	Loss 8.7251e-01 (5.7942e-01)	Acc@1  82.81 ( 89.03)	Acc@5 100.00 ( 99.46)
 *   Acc@1 89.120 Acc@5 99.490
Epoch: [36][  1/782]	Time  0.597 ( 0.597)	Data  0.262 ( 0.262)	Loss 1.7022e-04 (1.7022e-04)	Weight Norm 37.528 (37.528)	Acc@1 100.00 (100.00)	Acc@5 100.00 (100.00)
Epoch: [36][101/782]	Time  0.339 ( 0.344)	Data  0.002 ( 0.003)	Loss 3.9750e-03 (1.3966e-03)	Weight Norm 37.527 (37.528)	Acc@1 100.00 ( 99.97)	Acc@5 100.00 (100.00)
Epoch: [36][201/782]	Time  0.339 ( 0.344)	Data  0.002 ( 0.002)	Loss 1.9050e-04 (1.9507e-03)	Weight Norm 37.526 (37.527)	Acc@1 100.00 ( 99.95)	Acc@5 100.00 (100.00)
Epoch: [36][301/782]	Time  0.353 ( 0.343)	Data  0.002 ( 0.001)	Loss 1.2851e-04 (1.6836e-03)	Weight Norm 37.525 (37.527)	Acc@1 100.00 ( 99.96)	Acc@5 100.00 (100.00)
Epoch: [36][401/782]	Time  0.351 ( 0.343)	Data  0.002 ( 0.001)	Loss 7.5750e-04 (1.8688e-03)	Weight Norm 37.523 (37.526)	Acc@1 100.00 ( 99.95)	Acc@5 100.00 (100.00)
Epoch: [36][501/782]	Time  0.340 ( 0.343)	Data  0.001 ( 0.001)	Loss 1.8114e-04 (1.8596e-03)	Weight Norm 37.522 (37.525)	Acc@1 100.00 ( 99.95)	Acc@5 100.00 (100.00)
Epoch: [36][601/782]	Time  0.340 ( 0.343)	Data  0.002 ( 0.001)	Loss 3.2112e-04 (1.8127e-03)	Weight Norm 37.521 (37.524)	Acc@1 100.00 ( 99.96)	Acc@5 100.00 (100.00)
Epoch: [36][701/782]	Time  0.341 ( 0.342)	Data  0.002 ( 0.001)	Loss 9.3170e-04 (1.7687e-03)	Weight Norm 37.520 (37.524)	Acc@1 100.00 ( 99.96)	Acc@5 100.00 (100.00)
Test: [  1/157]	Time  0.254 ( 0.254)	Loss 3.8107e-01 (3.8107e-01)	Acc@1  92.19 ( 92.19)	Acc@5  98.44 ( 98.44)
Test: [101/157]	Time  0.006 ( 0.009)	Loss 7.5493e-01 (6.0045e-01)	Acc@1  82.81 ( 89.02)	Acc@5 100.00 ( 99.54)
 *   Acc@1 89.130 Acc@5 99.540
Epoch: [37][  1/782]	Time  0.569 ( 0.569)	Data  0.241 ( 0.241)	Loss 4.7518e-05 (4.7518e-05)	Weight Norm 37.518 (37.518)	Acc@1 100.00 (100.00)	Acc@5 100.00 (100.00)
Epoch: [37][101/782]	Time  0.337 ( 0.339)	Data  0.002 ( 0.003)	Loss 6.7798e-03 (1.1487e-03)	Weight Norm 37.517 (37.518)	Acc@1 100.00 ( 99.98)	Acc@5 100.00 (100.00)
Epoch: [37][201/782]	Time  0.338 ( 0.340)	Data  0.001 ( 0.001)	Loss 1.6726e-04 (1.4513e-03)	Weight Norm 37.512 (37.516)	Acc@1 100.00 ( 99.97)	Acc@5 100.00 (100.00)
Epoch: [37][301/782]	Time  0.341 ( 0.340)	Data  0.002 ( 0.001)	Loss 5.7959e-04 (1.8570e-03)	Weight Norm 37.510 (37.514)	Acc@1 100.00 ( 99.96)	Acc@5 100.00 (100.00)
Epoch: [37][401/782]	Time  0.339 ( 0.341)	Data  0.002 ( 0.001)	Loss 2.3610e-04 (1.7792e-03)	Weight Norm 37.510 (37.513)	Acc@1 100.00 ( 99.97)	Acc@5 100.00 (100.00)
Epoch: [37][501/782]	Time  0.341 ( 0.341)	Data  0.001 ( 0.001)	Loss 1.6466e-05 (1.6489e-03)	Weight Norm 37.506 (37.512)	Acc@1 100.00 ( 99.97)	Acc@5 100.00 (100.00)
Epoch: [37][601/782]	Time  0.350 ( 0.341)	Data  0.001 ( 0.001)	Loss 2.2954e-03 (1.6916e-03)	Weight Norm 37.504 (37.511)	Acc@1 100.00 ( 99.96)	Acc@5 100.00 (100.00)
Epoch: [37][701/782]	Time  0.338 ( 0.341)	Data  0.001 ( 0.001)	Loss 3.1810e-04 (1.7071e-03)	Weight Norm 37.503 (37.510)	Acc@1 100.00 ( 99.96)	Acc@5 100.00 (100.00)
Test: [  1/157]	Time  0.248 ( 0.248)	Loss 3.8824e-01 (3.8824e-01)	Acc@1  92.19 ( 92.19)	Acc@5  98.44 ( 98.44)
Test: [101/157]	Time  0.006 ( 0.009)	Loss 8.3331e-01 (6.1366e-01)	Acc@1  84.38 ( 89.16)	Acc@5 100.00 ( 99.44)
 *   Acc@1 89.220 Acc@5 99.480
Epoch: [38][  1/782]	Time  0.584 ( 0.584)	Data  0.251 ( 0.251)	Loss 8.0850e-04 (8.0850e-04)	Weight Norm 37.502 (37.502)	Acc@1 100.00 (100.00)	Acc@5 100.00 (100.00)
Epoch: [38][101/782]	Time  0.352 ( 0.342)	Data  0.002 ( 0.003)	Loss 1.2926e-04 (2.0157e-03)	Weight Norm 37.500 (37.502)	Acc@1 100.00 ( 99.94)	Acc@5 100.00 (100.00)
Epoch: [38][201/782]	Time  0.336 ( 0.341)	Data  0.001 ( 0.002)	Loss 1.4114e-03 (1.5882e-03)	Weight Norm 37.498 (37.501)	Acc@1 100.00 ( 99.95)	Acc@5 100.00 (100.00)
Epoch: [38][301/782]	Time  0.337 ( 0.341)	Data  0.002 ( 0.001)	Loss 1.5009e-04 (1.4139e-03)	Weight Norm 37.497 (37.500)	Acc@1 100.00 ( 99.96)	Acc@5 100.00 (100.00)
Epoch: [38][401/782]	Time  0.349 ( 0.341)	Data  0.002 ( 0.001)	Loss 6.4964e-04 (1.2988e-03)	Weight Norm 37.496 (37.499)	Acc@1 100.00 ( 99.97)	Acc@5 100.00 (100.00)
Epoch: [38][501/782]	Time  0.338 ( 0.341)	Data  0.001 ( 0.001)	Loss 4.0469e-03 (1.2362e-03)	Weight Norm 37.494 (37.498)	Acc@1 100.00 ( 99.98)	Acc@5 100.00 (100.00)
Epoch: [38][601/782]	Time  0.337 ( 0.341)	Data  0.002 ( 0.001)	Loss 3.7367e-03 (1.2678e-03)	Weight Norm 37.493 (37.497)	Acc@1 100.00 ( 99.97)	Acc@5 100.00 (100.00)
Epoch: [38][701/782]	Time  0.339 ( 0.341)	Data  0.002 ( 0.001)	Loss 4.7472e-04 (1.2662e-03)	Weight Norm 37.492 (37.497)	Acc@1 100.00 ( 99.97)	Acc@5 100.00 (100.00)
Test: [  1/157]	Time  0.253 ( 0.253)	Loss 3.6540e-01 (3.6540e-01)	Acc@1  92.19 ( 92.19)	Acc@5  98.44 ( 98.44)
Test: [101/157]	Time  0.006 ( 0.009)	Loss 9.0789e-01 (6.3456e-01)	Acc@1  82.81 ( 89.06)	Acc@5 100.00 ( 99.50)
 *   Acc@1 89.090 Acc@5 99.530
Epoch: [39][  1/782]	Time  0.585 ( 0.585)	Data  0.251 ( 0.251)	Loss 5.1836e-06 (5.1836e-06)	Weight Norm 37.491 (37.491)	Acc@1 100.00 (100.00)	Acc@5 100.00 (100.00)
Epoch: [39][101/782]	Time  0.333 ( 0.344)	Data  0.002 ( 0.003)	Loss 3.4629e-04 (1.3469e-03)	Weight Norm 37.491 (37.492)	Acc@1 100.00 ( 99.97)	Acc@5 100.00 (100.00)
Epoch: [39][201/782]	Time  0.341 ( 0.341)	Data  0.002 ( 0.002)	Loss 5.3313e-04 (1.1059e-03)	Weight Norm 37.490 (37.492)	Acc@1 100.00 ( 99.98)	Acc@5 100.00 (100.00)
Epoch: [39][301/782]	Time  0.353 ( 0.342)	Data  0.001 ( 0.001)	Loss 3.4289e-04 (8.9510e-04)	Weight Norm 37.489 (37.491)	Acc@1 100.00 ( 99.99)	Acc@5 100.00 (100.00)
Epoch: [39][401/782]	Time  0.342 ( 0.343)	Data  0.002 ( 0.001)	Loss 7.7802e-05 (8.5736e-04)	Weight Norm 37.488 (37.490)	Acc@1 100.00 ( 99.99)	Acc@5 100.00 (100.00)
Epoch: [39][501/782]	Time  0.341 ( 0.343)	Data  0.002 ( 0.001)	Loss 3.6921e-04 (1.0281e-03)	Weight Norm 37.486 (37.490)	Acc@1 100.00 ( 99.98)	Acc@5 100.00 (100.00)
Epoch: [39][601/782]	Time  0.351 ( 0.343)	Data  0.002 ( 0.001)	Loss 7.5910e-04 (9.5126e-04)	Weight Norm 37.485 (37.489)	Acc@1 100.00 ( 99.98)	Acc@5 100.00 (100.00)
Epoch: [39][701/782]	Time  0.350 ( 0.343)	Data  0.002 ( 0.001)	Loss 5.6124e-04 (9.7715e-04)	Weight Norm 37.482 (37.488)	Acc@1 100.00 ( 99.98)	Acc@5 100.00 (100.00)
Test: [  1/157]	Time  0.253 ( 0.253)	Loss 3.5070e-01 (3.5070e-01)	Acc@1  92.19 ( 92.19)	Acc@5  98.44 ( 98.44)
Test: [101/157]	Time  0.006 ( 0.008)	Loss 8.5499e-01 (6.3656e-01)	Acc@1  82.81 ( 89.05)	Acc@5 100.00 ( 99.49)
 *   Acc@1 89.100 Acc@5 99.510
